Log file open, 12/02/17 20:02:54
LogWindows: Failed to load 'aqProf.dll' (GetLastError=126)
LogWindows: File 'aqProf.dll' does not exist
LogWindows: Failed to load 'VtuneApi.dll' (GetLastError=126)
LogWindows: File 'VtuneApi.dll' does not exist
LogWindows: Failed to load 'VtuneApi32e.dll' (GetLastError=126)
LogWindows: File 'VtuneApi32e.dll' does not exist
LogInit: Display: Running engine for game: GameJam_RecnPlay2017
LogPlatformFile: Not using cached read wrapper
LogInit: Display: RandInit(1063828716) SRandInit(1063828716).
LogInit: Read version file with build ID '3709383'
LogInit: Overriding engine version to CL 3754814, compatible CL 3709383
LogInit: Registered custom module enumerator with build ID '3709383'
LogTaskGraph: Started task graph with 5 named threads and 8 total threads with 3 sets of task threads.
LogStats: Stats thread started at 0.120317
LogD3D11RHI: Aftermath initialized
LogPluginManager: Mounting plugin Paper2D
LogPluginManager: Mounting plugin LightPropagationVolume
LogPluginManager: Mounting plugin CodeLiteSourceCodeAccess
LogPluginManager: Mounting plugin GitSourceControl
LogPluginManager: Mounting plugin KDevelopSourceCodeAccess
LogPluginManager: Mounting plugin NullSourceCodeAccess
LogPluginManager: Mounting plugin PerforceSourceControl
LogPluginManager: Mounting plugin SubversionSourceControl
LogPluginManager: Mounting plugin UObjectPlugin
LogPluginManager: Mounting plugin VisualStudioCodeSourceCodeAccess
LogPluginManager: Mounting plugin VisualStudioSourceCodeAccess
LogPluginManager: Mounting plugin XCodeSourceCodeAccess
LogPluginManager: Mounting plugin AssetManagerEditor
LogPluginManager: Mounting plugin AudioCapture
LogPluginManager: Mounting plugin FacialAnimation
LogPluginManager: Mounting plugin GameplayTagsEditor
LogPluginManager: Mounting plugin MobileLauncherProfileWizard
LogPluginManager: Mounting plugin PluginBrowser
LogPluginManager: Mounting plugin SpeedTreeImporter
LogPluginManager: Mounting plugin AlembicImporter
LogPluginManager: Mounting plugin CharacterAI
LogPluginManager: Mounting plugin HTML5Networking
LogPluginManager: Mounting plugin AndroidMedia
LogPluginManager: Mounting plugin AvfMedia
LogPluginManager: Mounting plugin ImgMedia
LogPluginManager: Mounting plugin MediaCompositing
LogPluginManager: Mounting plugin MediaPlayerEditor
LogPluginManager: Mounting plugin WmfMedia
LogPluginManager: Mounting plugin TcpMessaging
LogPluginManager: Mounting plugin UdpMessaging
LogPluginManager: Mounting plugin ActorSequence
LogPluginManager: Mounting plugin LevelSequenceEditor
LogPluginManager: Mounting plugin MatineeToLevelSequence
LogPluginManager: Mounting plugin OnlineSubsystemGooglePlay
LogPluginManager: Mounting plugin OnlineSubsystemIOS
LogPluginManager: Mounting plugin OnlineSubsystem
LogPluginManager: Mounting plugin OnlineSubsystemNull
LogPluginManager: Mounting plugin OnlineSubsystemUtils
LogPluginManager: Mounting plugin AndroidDeviceProfileSelector
LogPluginManager: Mounting plugin AndroidMoviePlayer
LogPluginManager: Mounting plugin AndroidPermission
LogPluginManager: Mounting plugin AppleARKit
LogPluginManager: Mounting plugin AppleMoviePlayer
LogPluginManager: Mounting plugin ArchVisCharacter
LogPluginManager: Mounting plugin CableComponent
LogPluginManager: Mounting plugin CustomMeshComponent
LogPluginManager: Mounting plugin ExampleDeviceProfileSelector
LogPluginManager: Mounting plugin GoogleCloudMessaging
LogPluginManager: Mounting plugin ImmediatePhysics
LogPluginManager: Mounting plugin IOSDeviceProfileSelector
LogPluginManager: Mounting plugin LinuxDeviceProfileSelector
LogPluginManager: Mounting plugin LocationServicesBPLibrary
LogPluginManager: Mounting plugin MobilePatchingUtils
LogPluginManager: Mounting plugin OculusVR
LogPluginManager: Plugin shader directory ../../../Engine/Plugins/Runtime/Oculus/OculusVR/Shaders found
LogPluginManager: Mapping shader source directory ../../../Engine/Plugins/Runtime/Oculus/OculusVR/Shaders to virtual directory /Plugin/OculusVR
LogPluginManager: Mounting plugin PhysXVehicles
LogPluginManager: Mounting plugin ProceduralMeshComponent
LogPluginManager: Mounting plugin RuntimePhysXCooking
LogPluginManager: Mounting plugin SteamVR
LogPluginManager: Mounting plugin WindowsMoviePlayer
LogModuleManager: Display: Found up-to-date module file ../../../Engine/Plugins/2D/Paper2D/Binaries/Win64/UE4Editor-Paper2D.dll (API version 3709383).
LogModuleManager: Display: Found up-to-date module file ../../../Engine/Plugins/2D/Paper2D/Binaries/Win64/UE4Editor-Paper2DEditor.dll (API version 3709383).
LogModuleManager: Display: Found up-to-date module file ../../../Engine/Plugins/2D/Paper2D/Binaries/Win64/UE4Editor-PaperSpriteSheetImporter.dll (API version 3709383).
LogModuleManager: Display: Found up-to-date module file ../../../Engine/Plugins/2D/Paper2D/Binaries/Win64/UE4Editor-PaperTiledImporter.dll (API version 3709383).
LogModuleManager: Display: Found up-to-date module file ../../../Engine/Plugins/2D/Paper2D/Binaries/Win64/UE4Editor-SmartSnapping.dll (API version 3709383).
LogModuleManager: Display: Found up-to-date module file ../../../Engine/Plugins/Blendables/LightPropagationVolume/Binaries/Win64/UE4Editor-LightPropagationVolumeRuntime.dll (API version 3709383).
LogModuleManager: Display: Found up-to-date module file ../../../Engine/Plugins/Blendables/LightPropagationVolume/Binaries/Win64/UE4Editor-LightPropagationVolumeEditor.dll (API version 3709383).
LogModuleManager: Display: Found up-to-date module file ../../../Engine/Plugins/Developer/GitSourceControl/Binaries/Win64/UE4Editor-GitSourceControl.dll (API version 3709383).
LogModuleManager: Display: Found up-to-date module file ../../../Engine/Plugins/Developer/PerforceSourceControl/Binaries/Win64/UE4Editor-PerforceSourceControl.dll (API version 3709383).
LogModuleManager: Display: Found up-to-date module file ../../../Engine/Plugins/Developer/SubversionSourceControl/Binaries/Win64/UE4Editor-SubversionSourceControl.dll (API version 3709383).
LogModuleManager: Display: Found up-to-date module file ../../../Engine/Plugins/Developer/UObjectPlugin/Binaries/Win64/UE4Editor-UObjectPlugin.dll (API version 3709383).
LogModuleManager: Display: Found up-to-date module file ../../../Engine/Plugins/Developer/VisualStudioCodeSourceCodeAccess/Binaries/Win64/UE4Editor-VisualStudioCodeSourceCodeAccess.dll (API version 3709383).
LogModuleManager: Display: Found up-to-date module file ../../../Engine/Plugins/Developer/VisualStudioSourceCodeAccess/Binaries/Win64/UE4Editor-VisualStudioSourceCodeAccess.dll (API version 3709383).
LogModuleManager: Display: Found up-to-date module file ../../../Engine/Plugins/Editor/AssetManagerEditor/Binaries/Win64/UE4Editor-AssetManagerEditor.dll (API version 3709383).
LogModuleManager: Display: Found up-to-date module file ../../../Engine/Plugins/Editor/AudioCapture/Binaries/Win64/UE4Editor-AudioCapture.dll (API version 3709383).
LogModuleManager: Display: Found up-to-date module file ../../../Engine/Plugins/Editor/FacialAnimation/Binaries/Win64/UE4Editor-FacialAnimation.dll (API version 3709383).
LogModuleManager: Display: Found up-to-date module file ../../../Engine/Plugins/Editor/FacialAnimation/Binaries/Win64/UE4Editor-FacialAnimationEditor.dll (API version 3709383).
LogModuleManager: Display: Found up-to-date module file ../../../Engine/Plugins/Editor/GameplayTagsEditor/Binaries/Win64/UE4Editor-GameplayTagsEditor.dll (API version 3709383).
LogModuleManager: Display: Found up-to-date module file ../../../Engine/Plugins/Editor/MobileLauncherProfileWizard/Binaries/Win64/UE4Editor-MobileLauncherProfileWizard.dll (API version 3709383).
LogModuleManager: Display: Found up-to-date module file ../../../Engine/Plugins/Editor/PluginBrowser/Binaries/Win64/UE4Editor-PluginBrowser.dll (API version 3709383).
LogModuleManager: Display: Found up-to-date module file ../../../Engine/Plugins/Editor/SpeedTreeImporter/Binaries/Win64/UE4Editor-SpeedTreeImporter.dll (API version 3709383).
LogModuleManager: Display: Found up-to-date module file ../../../Engine/Plugins/Experimental/AlembicImporter/Binaries/Win64/UE4Editor-AlembicImporter.dll (API version 3709383).
LogModuleManager: Display: Found up-to-date module file ../../../Engine/Plugins/Experimental/AlembicImporter/Binaries/Win64/UE4Editor-AlembicLibrary.dll (API version 3709383).
LogModuleManager: Display: Found up-to-date module file ../../../Engine/Plugins/Experimental/CharacterAI/Binaries/Win64/UE4Editor-CharacterAI.dll (API version 3709383).
LogModuleManager: Display: Found up-to-date module file ../../../Engine/Plugins/Experimental/HTML5Networking/Binaries/Win64/UE4Editor-HTML5Networking.dll (API version 3709383).
LogModuleManager: Display: Found up-to-date module file ../../../Engine/Plugins/Media/AndroidMedia/Binaries/Win64/UE4Editor-AndroidMediaEditor.dll (API version 3709383).
LogModuleManager: Display: Found up-to-date module file ../../../Engine/Plugins/Media/AndroidMedia/Binaries/Win64/UE4Editor-AndroidMediaFactory.dll (API version 3709383).
LogModuleManager: Display: Found up-to-date module file ../../../Engine/Plugins/Media/AvfMedia/Binaries/Win64/UE4Editor-AvfMediaEditor.dll (API version 3709383).
LogModuleManager: Display: Found up-to-date module file ../../../Engine/Plugins/Media/AvfMedia/Binaries/Win64/UE4Editor-AvfMediaFactory.dll (API version 3709383).
LogModuleManager: Display: Found up-to-date module file ../../../Engine/Plugins/Media/AvfMedia/Binaries/Win64/UE4Editor-AvfMediaFactory.dll (API version 3709383).
LogModuleManager: Display: Found up-to-date module file ../../../Engine/Plugins/Media/ImgMedia/Binaries/Win64/UE4Editor-ImgMedia.dll (API version 3709383).
LogModuleManager: Display: Found up-to-date module file ../../../Engine/Plugins/Media/ImgMedia/Binaries/Win64/UE4Editor-ImgMediaEditor.dll (API version 3709383).
LogModuleManager: Display: Found up-to-date module file ../../../Engine/Plugins/Media/ImgMedia/Binaries/Win64/UE4Editor-ImgMediaFactory.dll (API version 3709383).
LogModuleManager: Display: Found up-to-date module file ../../../Engine/Plugins/Media/ImgMedia/Binaries/Win64/UE4Editor-ImgMediaFactory.dll (API version 3709383).
LogModuleManager: Display: Found up-to-date module file ../../../Engine/Plugins/Media/ImgMedia/Binaries/Win64/UE4Editor-OpenExrWrapper.dll (API version 3709383).
LogModuleManager: Display: Found up-to-date module file ../../../Engine/Plugins/Media/MediaCompositing/Binaries/Win64/UE4Editor-MediaCompositing.dll (API version 3709383).
LogModuleManager: Display: Found up-to-date module file ../../../Engine/Plugins/Media/MediaCompositing/Binaries/Win64/UE4Editor-MediaCompositingEditor.dll (API version 3709383).
LogModuleManager: Display: Found up-to-date module file ../../../Engine/Plugins/Media/MediaPlayerEditor/Binaries/Win64/UE4Editor-MediaPlayerEditor.dll (API version 3709383).
LogModuleManager: Display: Found up-to-date module file ../../../Engine/Plugins/Media/WmfMedia/Binaries/Win64/UE4Editor-WmfMedia.dll (API version 3709383).
LogModuleManager: Display: Found up-to-date module file ../../../Engine/Plugins/Media/WmfMedia/Binaries/Win64/UE4Editor-WmfMediaEditor.dll (API version 3709383).
LogModuleManager: Display: Found up-to-date module file ../../../Engine/Plugins/Media/WmfMedia/Binaries/Win64/UE4Editor-WmfMediaFactory.dll (API version 3709383).
LogModuleManager: Display: Found up-to-date module file ../../../Engine/Plugins/Media/WmfMedia/Binaries/Win64/UE4Editor-WmfMediaFactory.dll (API version 3709383).
LogModuleManager: Display: Found up-to-date module file ../../../Engine/Plugins/Messaging/TcpMessaging/Binaries/Win64/UE4Editor-TcpMessaging.dll (API version 3709383).
LogModuleManager: Display: Found up-to-date module file ../../../Engine/Plugins/Messaging/UdpMessaging/Binaries/Win64/UE4Editor-UdpMessaging.dll (API version 3709383).
LogModuleManager: Display: Found up-to-date module file ../../../Engine/Plugins/MovieScene/ActorSequence/Binaries/Win64/UE4Editor-ActorSequence.dll (API version 3709383).
LogModuleManager: Display: Found up-to-date module file ../../../Engine/Plugins/MovieScene/LevelSequenceEditor/Binaries/Win64/UE4Editor-LevelSequenceEditor.dll (API version 3709383).
LogModuleManager: Display: Found up-to-date module file ../../../Engine/Plugins/MovieScene/MatineeToLevelSequence/Binaries/Win64/UE4Editor-MatineeToLevelSequence.dll (API version 3709383).
LogModuleManager: Display: Found up-to-date module file ../../../Engine/Plugins/Online/OnlineSubsystem/Binaries/Win64/UE4Editor-OnlineSubsystem.dll (API version 3709383).
LogModuleManager: Display: Found up-to-date module file ../../../Engine/Plugins/Online/OnlineSubsystemNull/Binaries/Win64/UE4Editor-OnlineSubsystemNull.dll (API version 3709383).
LogModuleManager: Display: Found up-to-date module file ../../../Engine/Plugins/Online/OnlineSubsystemUtils/Binaries/Win64/UE4Editor-OnlineSubsystemUtils.dll (API version 3709383).
LogModuleManager: Display: Found up-to-date module file ../../../Engine/Plugins/Online/OnlineSubsystemUtils/Binaries/Win64/UE4Editor-OnlineBlueprintSupport.dll (API version 3709383).
LogModuleManager: Display: Found up-to-date module file ../../../Engine/Plugins/Runtime/AndroidDeviceProfileSelector/Binaries/Win64/UE4Editor-AndroidDeviceProfileSelector.dll (API version 3709383).
LogModuleManager: Display: Found up-to-date module file ../../../Engine/Plugins/Runtime/AndroidPermission/Binaries/Win64/UE4Editor-AndroidPermission.dll (API version 3709383).
LogModuleManager: Display: Found up-to-date module file ../../../Engine/Plugins/Runtime/AppleARKit/Binaries/Win64/UE4Editor-AppleARKit.dll (API version 3709383).
LogModuleManager: Display: Found up-to-date module file ../../../Engine/Plugins/Runtime/ArchVisCharacter/Binaries/Win64/UE4Editor-ArchVisCharacter.dll (API version 3709383).
LogModuleManager: Display: Found up-to-date module file ../../../Engine/Plugins/Runtime/CableComponent/Binaries/Win64/UE4Editor-CableComponent.dll (API version 3709383).
LogModuleManager: Display: Found up-to-date module file ../../../Engine/Plugins/Runtime/CustomMeshComponent/Binaries/Win64/UE4Editor-CustomMeshComponent.dll (API version 3709383).
LogModuleManager: Display: Found up-to-date module file ../../../Engine/Plugins/Runtime/ExampleDeviceProfileSelector/Binaries/Win64/UE4Editor-ExampleDeviceProfileSelector.dll (API version 3709383).
LogModuleManager: Display: Found up-to-date module file ../../../Engine/Plugins/Runtime/ImmediatePhysics/Binaries/Win64/UE4Editor-ImmediatePhysics.dll (API version 3709383).
LogModuleManager: Display: Found up-to-date module file ../../../Engine/Plugins/Runtime/ImmediatePhysics/Binaries/Win64/UE4Editor-ImmediatePhysicsEditor.dll (API version 3709383).
LogModuleManager: Display: Found up-to-date module file ../../../Engine/Plugins/Runtime/LocationServicesBPLibrary/Binaries/Win64/UE4Editor-LocationServicesBPLibrary.dll (API version 3709383).
LogModuleManager: Display: Found up-to-date module file ../../../Engine/Plugins/Runtime/MobilePatchingUtils/Binaries/Win64/UE4Editor-MobilePatchingUtils.dll (API version 3709383).
LogModuleManager: Display: Found up-to-date module file ../../../Engine/Plugins/Runtime/Oculus/OculusVR/Binaries/Win64/UE4Editor-OculusHMD.dll (API version 3709383).
LogModuleManager: Display: Found up-to-date module file ../../../Engine/Plugins/Runtime/Oculus/OculusVR/Binaries/Win64/UE4Editor-OculusInput.dll (API version 3709383).
LogModuleManager: Display: Found up-to-date module file ../../../Engine/Plugins/Runtime/Oculus/OculusVR/Binaries/Win64/UE4Editor-OculusEditor.dll (API version 3709383).
LogModuleManager: Display: Found up-to-date module file ../../../Engine/Plugins/Runtime/PhysXVehicles/Binaries/Win64/UE4Editor-PhysXVehicles.dll (API version 3709383).
LogModuleManager: Display: Found up-to-date module file ../../../Engine/Plugins/Runtime/PhysXVehicles/Binaries/Win64/UE4Editor-PhysXVehiclesEditor.dll (API version 3709383).
LogModuleManager: Display: Found up-to-date module file ../../../Engine/Plugins/Runtime/ProceduralMeshComponent/Binaries/Win64/UE4Editor-ProceduralMeshComponent.dll (API version 3709383).
LogModuleManager: Display: Found up-to-date module file ../../../Engine/Plugins/Runtime/ProceduralMeshComponent/Binaries/Win64/UE4Editor-ProceduralMeshComponentEditor.dll (API version 3709383).
LogModuleManager: Display: Found up-to-date module file ../../../Engine/Plugins/Runtime/RuntimePhysXCooking/Binaries/Win64/UE4Editor-RuntimePhysXCooking.dll (API version 3709383).
LogModuleManager: Display: Found up-to-date module file ../../../Engine/Plugins/Runtime/Steam/SteamVR/Binaries/Win64/UE4Editor-SteamVR.dll (API version 3709383).
LogModuleManager: Display: Found up-to-date module file ../../../Engine/Plugins/Runtime/Steam/SteamVR/Binaries/Win64/UE4Editor-SteamVRController.dll (API version 3709383).
LogModuleManager: Display: Found up-to-date module file ../../../Engine/Plugins/Runtime/WindowsMoviePlayer/Binaries/Win64/UE4Editor-WindowsMoviePlayer.dll (API version 3709383).
LogInit: Warning: Incompatible or missing module: UE4Editor-GameJam_RecnPlay2017.dll
Running C:/Program Files/Epic Games/UE_4.18/Engine/Binaries/DotNET/UnrealBuildTool.exe GameJam_RecnPlay2017 Development Win64 -project="C:/Users/gustm/Documents/Unreal Projects/GameJam_Dec_2017/GameJam_RecnPlay2017/GameJam_RecnPlay2017.uproject" -editorrecompile -progress -NoHotReloadFromIDE
Using 'git status' to determine working set for adaptive non-unity build.
Creating makefile for GameJam_RecnPlay2017 (no existing makefile)
Performing full C++ include scan (no include cache file)
@progress push 5%
Parsing headers for GameJam_RecnPlay2017Editor
  Running UnrealHeaderTool "C:\Users\gustm\Documents\Unreal Projects\GameJam_Dec_2017\GameJam_RecnPlay2017\GameJam_RecnPlay2017.uproject" "C:\Users\gustm\Documents\Unreal Projects\GameJam_Dec_2017\GameJam_RecnPlay2017\Intermediate\Build\Win64\GameJam_RecnPlay2017Editor\Development\GameJam_RecnPlay2017Editor.uhtmanifest" -LogCmds="loginit warning, logexit warning, logdatabase error" -Unattended -WarningsAsErrors -installed
Reflection code generated for GameJam_RecnPlay2017Editor in 7.5174443 seconds
@progress pop
Performing 11 actions (2 in parallel)
[2/11] Resource ModuleVersionResource.rc.inl
[3/11] Resource PCLaunch.rc
SharedPCH.Engine.cpp
GameJam_RecnPlay2017Character.cpp
GameJam_RecnPlay2017.cpp
GameJam_RecnPlay2017GameMode.cpp
GameJam_RecnPlay2017.init.gen.cpp
GameJam_RecnPlay2017Character.gen.cpp
GameJam_RecnPlay2017GameMode.gen.cpp
[10/11] Link UE4Editor-GameJam_RecnPlay2017.dll
[11/11] Link UE4Editor-GameJam_RecnPlay2017.lib
   Creating library C:\Users\gustm\Documents\Unreal Projects\GameJam_Dec_2017\GameJam_RecnPlay2017\Intermediate\Build\Win64\UE4Editor\Development\UE4Editor-GameJam_RecnPlay2017.lib and object C:\Users\gustm\Documents\Unreal Projects\GameJam_Dec_2017\GameJam_RecnPlay2017\Intermediate\Build\Win64\UE4Editor\Development\UE4Editor-GameJam_RecnPlay2017.exp
   Creating library C:\Users\gustm\Documents\Unreal Projects\GameJam_Dec_2017\GameJam_RecnPlay2017\Intermediate\Build\Win64\UE4Editor\Development\UE4Editor-GameJam_RecnPlay2017.suppressed.lib and object C:\Users\gustm\Documents\Unreal Projects\GameJam_Dec_2017\GameJam_RecnPlay2017\Intermediate\Build\Win64\UE4Editor\Development\UE4Editor-GameJam_RecnPlay2017.suppressed.exp
Total build time: 67.71 seconds (Local executor: 51.89 seconds)
LogModuleManager: Display: Found up-to-date module file ../../../../../../Users/gustm/Documents/Unreal Projects/GameJam_Dec_2017/GameJam_RecnPlay2017/Binaries/Win64/UE4Editor-GameJam_RecnPlay2017.dll (API version 3709383).
LogModuleManager: Display: Found up-to-date module file ../../../Engine/Plugins/2D/Paper2D/Binaries/Win64/UE4Editor-Paper2D.dll (API version 3709383).
LogModuleManager: Display: Found up-to-date module file ../../../Engine/Plugins/2D/Paper2D/Binaries/Win64/UE4Editor-Paper2DEditor.dll (API version 3709383).
LogModuleManager: Display: Found up-to-date module file ../../../Engine/Plugins/2D/Paper2D/Binaries/Win64/UE4Editor-PaperSpriteSheetImporter.dll (API version 3709383).
LogModuleManager: Display: Found up-to-date module file ../../../Engine/Plugins/2D/Paper2D/Binaries/Win64/UE4Editor-PaperTiledImporter.dll (API version 3709383).
LogModuleManager: Display: Found up-to-date module file ../../../Engine/Plugins/2D/Paper2D/Binaries/Win64/UE4Editor-SmartSnapping.dll (API version 3709383).
LogModuleManager: Display: Found up-to-date module file ../../../Engine/Plugins/Blendables/LightPropagationVolume/Binaries/Win64/UE4Editor-LightPropagationVolumeRuntime.dll (API version 3709383).
LogModuleManager: Display: Found up-to-date module file ../../../Engine/Plugins/Blendables/LightPropagationVolume/Binaries/Win64/UE4Editor-LightPropagationVolumeEditor.dll (API version 3709383).
LogModuleManager: Display: Found up-to-date module file ../../../Engine/Plugins/Developer/GitSourceControl/Binaries/Win64/UE4Editor-GitSourceControl.dll (API version 3709383).
LogModuleManager: Display: Found up-to-date module file ../../../Engine/Plugins/Developer/PerforceSourceControl/Binaries/Win64/UE4Editor-PerforceSourceControl.dll (API version 3709383).
LogModuleManager: Display: Found up-to-date module file ../../../Engine/Plugins/Developer/SubversionSourceControl/Binaries/Win64/UE4Editor-SubversionSourceControl.dll (API version 3709383).
LogModuleManager: Display: Found up-to-date module file ../../../Engine/Plugins/Developer/UObjectPlugin/Binaries/Win64/UE4Editor-UObjectPlugin.dll (API version 3709383).
LogModuleManager: Display: Found up-to-date module file ../../../Engine/Plugins/Developer/VisualStudioCodeSourceCodeAccess/Binaries/Win64/UE4Editor-VisualStudioCodeSourceCodeAccess.dll (API version 3709383).
LogModuleManager: Display: Found up-to-date module file ../../../Engine/Plugins/Developer/VisualStudioSourceCodeAccess/Binaries/Win64/UE4Editor-VisualStudioSourceCodeAccess.dll (API version 3709383).
LogModuleManager: Display: Found up-to-date module file ../../../Engine/Plugins/Editor/AssetManagerEditor/Binaries/Win64/UE4Editor-AssetManagerEditor.dll (API version 3709383).
LogModuleManager: Display: Found up-to-date module file ../../../Engine/Plugins/Editor/AudioCapture/Binaries/Win64/UE4Editor-AudioCapture.dll (API version 3709383).
LogModuleManager: Display: Found up-to-date module file ../../../Engine/Plugins/Editor/FacialAnimation/Binaries/Win64/UE4Editor-FacialAnimation.dll (API version 3709383).
LogModuleManager: Display: Found up-to-date module file ../../../Engine/Plugins/Editor/FacialAnimation/Binaries/Win64/UE4Editor-FacialAnimationEditor.dll (API version 3709383).
LogModuleManager: Display: Found up-to-date module file ../../../Engine/Plugins/Editor/GameplayTagsEditor/Binaries/Win64/UE4Editor-GameplayTagsEditor.dll (API version 3709383).
LogModuleManager: Display: Found up-to-date module file ../../../Engine/Plugins/Editor/MobileLauncherProfileWizard/Binaries/Win64/UE4Editor-MobileLauncherProfileWizard.dll (API version 3709383).
LogModuleManager: Display: Found up-to-date module file ../../../Engine/Plugins/Editor/PluginBrowser/Binaries/Win64/UE4Editor-PluginBrowser.dll (API version 3709383).
LogModuleManager: Display: Found up-to-date module file ../../../Engine/Plugins/Editor/SpeedTreeImporter/Binaries/Win64/UE4Editor-SpeedTreeImporter.dll (API version 3709383).
LogModuleManager: Display: Found up-to-date module file ../../../Engine/Plugins/Experimental/AlembicImporter/Binaries/Win64/UE4Editor-AlembicImporter.dll (API version 3709383).
LogModuleManager: Display: Found up-to-date module file ../../../Engine/Plugins/Experimental/AlembicImporter/Binaries/Win64/UE4Editor-AlembicLibrary.dll (API version 3709383).
LogModuleManager: Display: Found up-to-date module file ../../../Engine/Plugins/Experimental/CharacterAI/Binaries/Win64/UE4Editor-CharacterAI.dll (API version 3709383).
LogModuleManager: Display: Found up-to-date module file ../../../Engine/Plugins/Experimental/HTML5Networking/Binaries/Win64/UE4Editor-HTML5Networking.dll (API version 3709383).
LogModuleManager: Display: Found up-to-date module file ../../../Engine/Plugins/Media/AndroidMedia/Binaries/Win64/UE4Editor-AndroidMediaEditor.dll (API version 3709383).
LogModuleManager: Display: Found up-to-date module file ../../../Engine/Plugins/Media/AndroidMedia/Binaries/Win64/UE4Editor-AndroidMediaFactory.dll (API version 3709383).
LogModuleManager: Display: Found up-to-date module file ../../../Engine/Plugins/Media/AvfMedia/Binaries/Win64/UE4Editor-AvfMediaEditor.dll (API version 3709383).
LogModuleManager: Display: Found up-to-date module file ../../../Engine/Plugins/Media/AvfMedia/Binaries/Win64/UE4Editor-AvfMediaFactory.dll (API version 3709383).
LogModuleManager: Display: Found up-to-date module file ../../../Engine/Plugins/Media/AvfMedia/Binaries/Win64/UE4Editor-AvfMediaFactory.dll (API version 3709383).
LogModuleManager: Display: Found up-to-date module file ../../../Engine/Plugins/Media/ImgMedia/Binaries/Win64/UE4Editor-ImgMedia.dll (API version 3709383).
LogModuleManager: Display: Found up-to-date module file ../../../Engine/Plugins/Media/ImgMedia/Binaries/Win64/UE4Editor-ImgMediaEditor.dll (API version 3709383).
LogModuleManager: Display: Found up-to-date module file ../../../Engine/Plugins/Media/ImgMedia/Binaries/Win64/UE4Editor-ImgMediaFactory.dll (API version 3709383).
LogModuleManager: Display: Found up-to-date module file ../../../Engine/Plugins/Media/ImgMedia/Binaries/Win64/UE4Editor-ImgMediaFactory.dll (API version 3709383).
LogModuleManager: Display: Found up-to-date module file ../../../Engine/Plugins/Media/ImgMedia/Binaries/Win64/UE4Editor-OpenExrWrapper.dll (API version 3709383).
LogModuleManager: Display: Found up-to-date module file ../../../Engine/Plugins/Media/MediaCompositing/Binaries/Win64/UE4Editor-MediaCompositing.dll (API version 3709383).
LogModuleManager: Display: Found up-to-date module file ../../../Engine/Plugins/Media/MediaCompositing/Binaries/Win64/UE4Editor-MediaCompositingEditor.dll (API version 3709383).
LogModuleManager: Display: Found up-to-date module file ../../../Engine/Plugins/Media/MediaPlayerEditor/Binaries/Win64/UE4Editor-MediaPlayerEditor.dll (API version 3709383).
LogModuleManager: Display: Found up-to-date module file ../../../Engine/Plugins/Media/WmfMedia/Binaries/Win64/UE4Editor-WmfMedia.dll (API version 3709383).
LogModuleManager: Display: Found up-to-date module file ../../../Engine/Plugins/Media/WmfMedia/Binaries/Win64/UE4Editor-WmfMediaEditor.dll (API version 3709383).
LogModuleManager: Display: Found up-to-date module file ../../../Engine/Plugins/Media/WmfMedia/Binaries/Win64/UE4Editor-WmfMediaFactory.dll (API version 3709383).
LogModuleManager: Display: Found up-to-date module file ../../../Engine/Plugins/Media/WmfMedia/Binaries/Win64/UE4Editor-WmfMediaFactory.dll (API version 3709383).
LogModuleManager: Display: Found up-to-date module file ../../../Engine/Plugins/Messaging/TcpMessaging/Binaries/Win64/UE4Editor-TcpMessaging.dll (API version 3709383).
LogModuleManager: Display: Found up-to-date module file ../../../Engine/Plugins/Messaging/UdpMessaging/Binaries/Win64/UE4Editor-UdpMessaging.dll (API version 3709383).
LogModuleManager: Display: Found up-to-date module file ../../../Engine/Plugins/MovieScene/ActorSequence/Binaries/Win64/UE4Editor-ActorSequence.dll (API version 3709383).
LogModuleManager: Display: Found up-to-date module file ../../../Engine/Plugins/MovieScene/LevelSequenceEditor/Binaries/Win64/UE4Editor-LevelSequenceEditor.dll (API version 3709383).
LogModuleManager: Display: Found up-to-date module file ../../../Engine/Plugins/MovieScene/MatineeToLevelSequence/Binaries/Win64/UE4Editor-MatineeToLevelSequence.dll (API version 3709383).
LogModuleManager: Display: Found up-to-date module file ../../../Engine/Plugins/Online/OnlineSubsystem/Binaries/Win64/UE4Editor-OnlineSubsystem.dll (API version 3709383).
LogModuleManager: Display: Found up-to-date module file ../../../Engine/Plugins/Online/OnlineSubsystemNull/Binaries/Win64/UE4Editor-OnlineSubsystemNull.dll (API version 3709383).
LogModuleManager: Display: Found up-to-date module file ../../../Engine/Plugins/Online/OnlineSubsystemUtils/Binaries/Win64/UE4Editor-OnlineSubsystemUtils.dll (API version 3709383).
LogModuleManager: Display: Found up-to-date module file ../../../Engine/Plugins/Online/OnlineSubsystemUtils/Binaries/Win64/UE4Editor-OnlineBlueprintSupport.dll (API version 3709383).
LogModuleManager: Display: Found up-to-date module file ../../../Engine/Plugins/Runtime/AndroidDeviceProfileSelector/Binaries/Win64/UE4Editor-AndroidDeviceProfileSelector.dll (API version 3709383).
LogModuleManager: Display: Found up-to-date module file ../../../Engine/Plugins/Runtime/AndroidPermission/Binaries/Win64/UE4Editor-AndroidPermission.dll (API version 3709383).
LogModuleManager: Display: Found up-to-date module file ../../../Engine/Plugins/Runtime/AppleARKit/Binaries/Win64/UE4Editor-AppleARKit.dll (API version 3709383).
LogModuleManager: Display: Found up-to-date module file ../../../Engine/Plugins/Runtime/ArchVisCharacter/Binaries/Win64/UE4Editor-ArchVisCharacter.dll (API version 3709383).
LogModuleManager: Display: Found up-to-date module file ../../../Engine/Plugins/Runtime/CableComponent/Binaries/Win64/UE4Editor-CableComponent.dll (API version 3709383).
LogModuleManager: Display: Found up-to-date module file ../../../Engine/Plugins/Runtime/CustomMeshComponent/Binaries/Win64/UE4Editor-CustomMeshComponent.dll (API version 3709383).
LogModuleManager: Display: Found up-to-date module file ../../../Engine/Plugins/Runtime/ExampleDeviceProfileSelector/Binaries/Win64/UE4Editor-ExampleDeviceProfileSelector.dll (API version 3709383).
LogModuleManager: Display: Found up-to-date module file ../../../Engine/Plugins/Runtime/ImmediatePhysics/Binaries/Win64/UE4Editor-ImmediatePhysics.dll (API version 3709383).
LogModuleManager: Display: Found up-to-date module file ../../../Engine/Plugins/Runtime/ImmediatePhysics/Binaries/Win64/UE4Editor-ImmediatePhysicsEditor.dll (API version 3709383).
LogModuleManager: Display: Found up-to-date module file ../../../Engine/Plugins/Runtime/LocationServicesBPLibrary/Binaries/Win64/UE4Editor-LocationServicesBPLibrary.dll (API version 3709383).
LogModuleManager: Display: Found up-to-date module file ../../../Engine/Plugins/Runtime/MobilePatchingUtils/Binaries/Win64/UE4Editor-MobilePatchingUtils.dll (API version 3709383).
LogModuleManager: Display: Found up-to-date module file ../../../Engine/Plugins/Runtime/Oculus/OculusVR/Binaries/Win64/UE4Editor-OculusHMD.dll (API version 3709383).
LogModuleManager: Display: Found up-to-date module file ../../../Engine/Plugins/Runtime/Oculus/OculusVR/Binaries/Win64/UE4Editor-OculusInput.dll (API version 3709383).
LogModuleManager: Display: Found up-to-date module file ../../../Engine/Plugins/Runtime/Oculus/OculusVR/Binaries/Win64/UE4Editor-OculusEditor.dll (API version 3709383).
LogModuleManager: Display: Found up-to-date module file ../../../Engine/Plugins/Runtime/PhysXVehicles/Binaries/Win64/UE4Editor-PhysXVehicles.dll (API version 3709383).
LogModuleManager: Display: Found up-to-date module file ../../../Engine/Plugins/Runtime/PhysXVehicles/Binaries/Win64/UE4Editor-PhysXVehiclesEditor.dll (API version 3709383).
LogModuleManager: Display: Found up-to-date module file ../../../Engine/Plugins/Runtime/ProceduralMeshComponent/Binaries/Win64/UE4Editor-ProceduralMeshComponent.dll (API version 3709383).
LogModuleManager: Display: Found up-to-date module file ../../../Engine/Plugins/Runtime/ProceduralMeshComponent/Binaries/Win64/UE4Editor-ProceduralMeshComponentEditor.dll (API version 3709383).
LogModuleManager: Display: Found up-to-date module file ../../../Engine/Plugins/Runtime/RuntimePhysXCooking/Binaries/Win64/UE4Editor-RuntimePhysXCooking.dll (API version 3709383).
LogModuleManager: Display: Found up-to-date module file ../../../Engine/Plugins/Runtime/Steam/SteamVR/Binaries/Win64/UE4Editor-SteamVR.dll (API version 3709383).
LogModuleManager: Display: Found up-to-date module file ../../../Engine/Plugins/Runtime/Steam/SteamVR/Binaries/Win64/UE4Editor-SteamVRController.dll (API version 3709383).
LogModuleManager: Display: Found up-to-date module file ../../../Engine/Plugins/Runtime/WindowsMoviePlayer/Binaries/Win64/UE4Editor-WindowsMoviePlayer.dll (API version 3709383).
LogInit: Using libcurl 7.47.1
LogInit:  - built for x86_64-pc-win32
LogInit:  - supports SSL with OpenSSL/1.0.2g
LogInit:  - supports HTTP deflate (compression) using libz 1.2.8
LogInit:  - other features:
LogInit:      CURL_VERSION_SSL
LogInit:      CURL_VERSION_LIBZ
LogInit:      CURL_VERSION_IPV6
LogInit:      CURL_VERSION_ASYNCHDNS
LogInit:      CURL_VERSION_LARGEFILE
LogInit:      CURL_VERSION_IDN
LogInit:  CurlRequestOptions (configurable via config and command line):
LogInit:  - bVerifyPeer = false  - Libcurl will NOT verify peer certificate
LogInit:  - bUseHttpProxy = false  - Libcurl will NOT use HTTP proxy
LogInit:  - bDontReuseConnections = false  - Libcurl will reuse connections
LogInit:  - CertBundlePath = nullptr  - Libcurl will use whatever was configured at build time.
LogInit: Build: ++UE4+Release-4.18-CL-3754814
LogInit: Engine Version: 4.18.1-3754814+++UE4+Release-4.18
LogInit: Compatible Engine Version: 4.18.0-3709383+++UE4+Release-4.18
LogInit: Net CL: 3709383
LogDevObjectVersion: Number of dev versions registered: 16
LogDevObjectVersion:   Dev-Blueprints (B0D832E4-1F89-4F0D-ACCF-7EB736FD4AA2): 10
LogDevObjectVersion:   Dev-Build (E1C64328-A22C-4D53-A36C-8E866417BD8C): 0
LogDevObjectVersion:   Dev-Core (375EC13C-06E4-48FB-B500-84F0262A717E): 2
LogDevObjectVersion:   Dev-Editor (E4B068ED-F494-42E9-A231-DA0B2E46BB41): 20
LogDevObjectVersion:   Dev-Framework (CFFC743F-43B0-4480-9391-14DF171D2073): 30
LogDevObjectVersion:   Dev-Mobile (B02B49B5-BB20-44E9-A304-32B752E40360): 0
LogDevObjectVersion:   Dev-Networking (A4E4105C-59A1-49B5-A7C5-40C4547EDFEE): 0
LogDevObjectVersion:   Dev-Online (39C831C9-5AE6-47DC-9A44-9C173E1C8E7C): 0
LogDevObjectVersion:   Dev-Physics (78F01B33-EBEA-4F98-B9B4-84EACCB95AA2): 0
LogDevObjectVersion:   Dev-Platform (6631380F-2D4D-43E0-8009-CF276956A95A): 0
LogDevObjectVersion:   Dev-Rendering (12F88B9F-8875-4AFC-A67C-D90C383ABD29): 20
LogDevObjectVersion:   Dev-Sequencer (7B5AE74C-D270-4C10-A958-57980B212A5A): 4
LogDevObjectVersion:   Dev-VR (D7296918-1DD6-4BDD-9DE2-64A83CC13884): 0
LogDevObjectVersion:   Dev-LoadTimes (C2A15278-BFE7-4AFE-6C17-90FF531DF755): 1
LogDevObjectVersion:   Private-Geometry (6EACA3D4-40EC-4CC1-B786-8BED09428FC5): 1
LogDevObjectVersion:   Dev-AnimPhys (29E575DD-E0A3-4627-9D10-D276232CDCEA): 12
LogInit: Compiled (64-bit): Nov 14 2017 02:05:55
LogInit: Compiled with Visual C++: 19.00.24215.01
LogInit: Build Configuration: Development
LogInit: Branch Name: ++UE4+Release-4.18
LogInit: Command line:  
LogInit: Base directory: C:/Program Files/Epic Games/UE_4.18/Engine/Binaries/Win64/
LogInit: Installed Engine Build: 1
LogInit: Presizing for max 8388607 objects, including 0 objects not considered by GC, pre-allocating 0 bytes for permanent pool.
LogInit: Object subsystem initialized
[2017.12.02-23.04.09:166][  0]LogInit: Selected Device Profile: [Windows]
[2017.12.02-23.04.09:166][  0]LogInit: Applying CVar settings loaded from the selected device profile: [Windows]
[2017.12.02-23.04.09:177][  0]LogInit: Computer: DESKTOP-EMBOHVS
[2017.12.02-23.04.09:177][  0]LogInit: User: gustm
[2017.12.02-23.04.09:177][  0]LogInit: CPU Page size=4096, Cores=2
[2017.12.02-23.04.09:177][  0]LogInit: High frequency timer resolution =2.835936 MHz
[2017.12.02-23.04.09:177][  0]LogMemory: Memory total: Physical=11.9GB (12GB approx)
[2017.12.02-23.04.09:177][  0]LogMemory: Platform Memory Stats for Windows
[2017.12.02-23.04.09:177][  0]LogMemory: Process Physical Memory: 278.48 MB used, 278.48 MB peak
[2017.12.02-23.04.09:177][  0]LogMemory: Process Virtual Memory: 270.51 MB used, 270.51 MB peak
[2017.12.02-23.04.09:177][  0]LogMemory: Physical Memory: 5296.03 MB used,  6872.14 MB free, 12168.17 MB total
[2017.12.02-23.04.09:177][  0]LogMemory: Virtual Memory: 687.84 MB used,  6872.14 MB free, 134217728.00 MB total
[2017.12.02-23.04.09:673][  0]LogInit: Using OS detected language (en-US).
[2017.12.02-23.04.09:673][  0]LogInit: Using OS detected locale (en-US).
[2017.12.02-23.04.09:677][  0]LogTextLocalizationManager: No specific localization for 'en-US' exists, so the 'en' localization will be used.
[2017.12.02-23.04.10:048][  0]LogInit: Setting process to per monitor DPI aware
[2017.12.02-23.04.10:360][  0]LogD3D11RHI: D3D11 adapters:
[2017.12.02-23.04.10:386][  0]LogD3D11RHI:    0. 'NVIDIA GeForce 940MX' (Feature Level 11_0)
[2017.12.02-23.04.10:386][  0]LogD3D11RHI:       2019/0/6084 MB DedicatedVideo/DedicatedSystem/SharedSystem, Outputs:1, VendorId:0x10de
[2017.12.02-23.04.10:392][  0]LogD3D11RHI:    1. 'Intel(R) HD Graphics 620' (Feature Level 11_0)
[2017.12.02-23.04.10:392][  0]LogD3D11RHI:       128/0/6084 MB DedicatedVideo/DedicatedSystem/SharedSystem, Outputs:0, VendorId:0x8086
[2017.12.02-23.04.10:393][  0]LogD3D11RHI:    2. 'Microsoft Basic Render Driver' (Feature Level 11_0)
[2017.12.02-23.04.10:393][  0]LogD3D11RHI:       0/0/6084 MB DedicatedVideo/DedicatedSystem/SharedSystem, Outputs:0, VendorId:0x1414
[2017.12.02-23.04.10:393][  0]LogD3D11RHI: Chosen D3D11 Adapter: 0
[2017.12.02-23.04.10:399][  0]LogD3D11RHI: Creating new Direct3DDevice
[2017.12.02-23.04.10:399][  0]LogD3D11RHI:     GPU DeviceId: 0x179c (for the marketing name, search the web for "GPU Device Id")
[2017.12.02-23.04.10:399][  0]LogWindows: EnumDisplayDevices:
[2017.12.02-23.04.10:399][  0]LogWindows:    0. 'Intel(R) HD Graphics 620' (P:1 D:1)
[2017.12.02-23.04.10:400][  0]LogWindows:    1. 'Intel(R) HD Graphics 620' (P:0 D:0)
[2017.12.02-23.04.10:400][  0]LogWindows:    2. 'Intel(R) HD Graphics 620' (P:0 D:0)
[2017.12.02-23.04.10:400][  0]LogWindows: DebugString: PrimaryIsNotTheChoosenAdapter PrimaryIsNotTheChoosenAdapter PrimaryIsNotTheChoosenAdapter FoundDriverCount:0 
[2017.12.02-23.04.10:400][  0]LogD3D11RHI:     Adapter Name: NVIDIA GeForce 940MX
[2017.12.02-23.04.10:400][  0]LogD3D11RHI:   Driver Version: Unknown (internal:Unknown, unified:Unknown)
[2017.12.02-23.04.10:400][  0]LogD3D11RHI:      Driver Date: Unknown
[2017.12.02-23.04.10:400][  0]LogRHI: Texture pool is 1413 MB (70% of 2019 MB)
[2017.12.02-23.04.10:415][  0]LogD3D11RHI: Async texture creation enabled
[2017.12.02-23.04.10:432][  0]LogD3D11RHI: GPU Timing Frequency: 1000.000000 (Debug: 2 2)
[2017.12.02-23.04.10:433][  0]LogShaderCompilers: Guid format shader working directory is -46 characters bigger than the processId version (../../../../../../Users/gustm/Documents/Unreal Projects/GameJam_Dec_2017/GameJam_RecnPlay2017/Intermediate/Shaders/WorkingDirectory/292/).
[2017.12.02-23.04.10:433][  0]LogShaderCompilers: Cleaned the shader compiler working directory 'C:/Users/gustm/AppData/Local/Temp/UnrealShaderWorkingDir/53A0FEA645E29B7D381DD89673CF101B/'.
[2017.12.02-23.04.10:433][  0]LogShaderCompilers: Display: Using Local Shader Compiler.
[2017.12.02-23.04.11:355][  0]LogTemp: Display: Loaded TP AllDesktopTargetPlatform
[2017.12.02-23.04.11:415][  0]LogTemp: Display: Loaded TP MacClientTargetPlatform
[2017.12.02-23.04.11:469][  0]LogTemp: Display: Loaded TP MacNoEditorTargetPlatform
[2017.12.02-23.04.11:531][  0]LogTemp: Display: Loaded TP MacServerTargetPlatform
[2017.12.02-23.04.11:586][  0]LogTemp: Display: Loaded TP MacTargetPlatform
[2017.12.02-23.04.11:640][  0]LogTemp: Display: Loaded TP WindowsClientTargetPlatform
[2017.12.02-23.04.11:695][  0]LogTemp: Display: Loaded TP WindowsNoEditorTargetPlatform
[2017.12.02-23.04.11:755][  0]LogTemp: Display: Loaded TP WindowsServerTargetPlatform
[2017.12.02-23.04.11:803][  0]LogTemp: Display: Loaded TP WindowsTargetPlatform
[2017.12.02-23.04.11:857][  0]LogTemp: Display: Loaded TP Android_ASTCTargetPlatform
[2017.12.02-23.04.11:909][  0]LogTemp: Display: Loaded TP Android_ATCTargetPlatform
[2017.12.02-23.04.11:965][  0]LogTemp: Display: Loaded TP Android_DXTTargetPlatform
[2017.12.02-23.04.12:040][  0]LogTemp: Display: Loaded TP Android_ETC1TargetPlatform
[2017.12.02-23.04.12:108][  0]LogTemp: Display: Loaded TP Android_ETC2TargetPlatform
[2017.12.02-23.04.12:251][  0]LogTemp: Display: Loaded TP Android_MultiTargetPlatform
[2017.12.02-23.04.12:251][  0]LogTemp: Display: Loaded TP Android_PVRTCTargetPlatform
[2017.12.02-23.04.12:314][  0]LogTemp: Display: Loaded TP AndroidTargetPlatform
[2017.12.02-23.04.12:362][  0]LogTemp: Display: Loaded TP HTML5TargetPlatform
[2017.12.02-23.04.12:466][  0]LogTemp: Display: Loaded TP IOSTargetPlatform
[2017.12.02-23.04.12:503][  0]LogTemp: Display: Loaded TP TVOSTargetPlatform
[2017.12.02-23.04.12:590][  0]LogTemp: Display: Loaded TP LinuxClientTargetPlatform
[2017.12.02-23.04.12:659][  0]LogTemp: Display: Loaded TP LinuxNoEditorTargetPlatform
[2017.12.02-23.04.12:735][  0]LogTemp: Display: Loaded TP LinuxServerTargetPlatform
[2017.12.02-23.04.12:806][  0]LogTemp: Display: Loaded TP LinuxTargetPlatform
[2017.12.02-23.04.12:806][  0]LogTargetPlatformManager: Display: Building Assets For Windows
[2017.12.02-23.04.13:456][  0]LogDerivedDataCache: Display: Max Cache Size: 512 MB
[2017.12.02-23.04.13:539][  0]LogDerivedDataCache: Loaded boot cache 0.08s 78MB C:/Users/gustm/AppData/Local/UnrealEngine/4.18/DerivedDataCache/Boot.ddc.
[2017.12.02-23.04.13:540][  0]LogDerivedDataCache: Display: Loaded Boot cache: C:/Users/gustm/AppData/Local/UnrealEngine/4.18/DerivedDataCache/Boot.ddc
[2017.12.02-23.04.13:540][  0]LogDerivedDataCache: FDerivedDataBackendGraph:  Pak pak cache file ../../../../../../Users/gustm/Documents/Unreal Projects/GameJam_Dec_2017/GameJam_RecnPlay2017/DerivedDataCache/DDC.ddp not found, will not use a pak cache.
[2017.12.02-23.04.13:540][  0]LogDerivedDataCache: Unable to find inner node Pak for hierarchical cache Hierarchy.
[2017.12.02-23.04.13:540][  0]LogDerivedDataCache: FDerivedDataBackendGraph:  CompressedPak pak cache file ../../../../../../Users/gustm/Documents/Unreal Projects/GameJam_Dec_2017/GameJam_RecnPlay2017/DerivedDataCache/Compressed.ddp not found, will not use a pak cache.
[2017.12.02-23.04.13:540][  0]LogDerivedDataCache: Unable to find inner node CompressedPak for hierarchical cache Hierarchy.
[2017.12.02-23.04.13:556][  0]LogDerivedDataCache: Display: Pak cache opened for reading ../../../Engine/DerivedDataCache/Compressed.ddp.
[2017.12.02-23.04.13:568][  0]LogDerivedDataCache: Using Local data cache path C:/Users/gustm/AppData/Local/UnrealEngine/Common/DerivedDataCache: Writable
[2017.12.02-23.04.13:578][  0]LogMaterial: Verifying Global Shaders for PCD3D_SM5
[2017.12.02-23.04.13:579][  0]LogSlate: Using Freetype 2.6.0
[2017.12.02-23.04.13:580][  0]LogSlate: SlateFontCache - WITH_FREETYPE: 1, WITH_HARFBUZZ: 1
[2017.12.02-23.04.13:580][  0]LogSlate: SlateFontCache - WITH_FREETYPE: 1, WITH_HARFBUZZ: 1
[2017.12.02-23.04.14:043][  0]LogInit: Selected Device Profile: [Windows]
[2017.12.02-23.04.14:477][  0]LogSimplygon: Simplygon DLL not present - disabling.
[2017.12.02-23.04.14:538][  0]LogMeshReduction: Using SimplygonSwarm for distributed automatic mesh merging
[2017.12.02-23.04.14:538][  0]LogMeshReduction: Using QuadricMeshReduction for automatic static mesh reduction
[2017.12.02-23.04.14:538][  0]LogMeshReduction: No automatic skeletal mesh reduction module available
[2017.12.02-23.04.14:538][  0]LogMeshReduction: No automatic mesh merging module available
[2017.12.02-23.04.14:538][  0]LogMeshMerging: No automatic mesh merging module available
[2017.12.02-23.04.14:572][  0]LogNetVersion: GameJam_RecnPlay2017 , NetCL: 3709383, EngineNetVer: 2, GameNetVer: 0 (Checksum: 3713632617)
[2017.12.02-23.04.14:774][  0]LogAssetRegistry: FAssetRegistry took 0.0385 seconds to start up
[2017.12.02-23.04.20:674][  0]LogPackageLocalizationCache: Processed 7 localized package path(s) for 2 prioritized culture(s) in 0.106593 seconds
[2017.12.02-23.04.20:678][  0]LogUObjectArray: 35900 objects as part of root set at end of initial load.
[2017.12.02-23.04.20:679][  0]LogUObjectAllocator: 7372016 out of 0 bytes used by permanent object pool.
[2017.12.02-23.04.20:679][  0]LogUObjectArray: CloseDisregardForGC: 0/0 objects in disregard for GC pool
[2017.12.02-23.04.20:740][  0]LogInit: WinSock: version 1.1 (2.2), MaxSocks=32767, MaxUdp=65467
[2017.12.02-23.04.24:098][  0]LogTcpMessaging: Initializing TcpMessaging bridge
[2017.12.02-23.04.24:150][  0]LogUdpMessaging: Initializing bridge on interface 0.0.0.0:0 to multicast group 230.0.0.1:6666.
[2017.12.02-23.04.24:727][  0]LogLinker: Warning: Can't find file '/Game/ThirdPersonCPP/Blueprints/ThirdPersonCharacter'
[2017.12.02-23.04.24:727][  0]LogLinker: Warning: Can't find file '/Game/ThirdPersonCPP/Blueprints/ThirdPersonCharacter'
[2017.12.02-23.04.24:727][  0]LogUObjectGlobals: Warning: Failed to find object 'Class /Game/ThirdPersonCPP/Blueprints/ThirdPersonCharacter.ThirdPersonCharacter_C'
[2017.12.02-23.04.24:727][  0]Error: CDO Constructor (GameJam_RecnPlay2017GameMode): Failed to find /Game/ThirdPersonCPP/Blueprints/ThirdPersonCharacter.ThirdPersonCharacter_C

[2017.12.02-23.04.24:727][  0]LogUObjectBase: Warning: -------------- Default Property warnings and errors:
[2017.12.02-23.04.24:727][  0]LogUObjectBase: Warning: Error: CDO Constructor (GameJam_RecnPlay2017GameMode): Failed to find /Game/ThirdPersonCPP/Blueprints/ThirdPersonCharacter.ThirdPersonCharacter_C

[2017.12.02-23.04.24:733][  0]LogWindowsTextInputMethodSystem: Display: IME system now deactivated.
[2017.12.02-23.04.24:733][  0]LogWindowsTextInputMethodSystem: Display: IME system now deactivated.
[2017.12.02-23.06.22:890][  0]LogWindowsTextInputMethodSystem: Display: IME system now deactivated.
[2017.12.02-23.06.22:890][  0]LogWindowsTextInputMethodSystem: Display: IME system now deactivated.
[2017.12.02-23.06.22:891][  0]LogWindowsTextInputMethodSystem: Display: IME system now deactivated.
[2017.12.02-23.06.22:891][  0]LogWindowsTextInputMethodSystem: Display: IME system now deactivated.
[2017.12.02-23.06.23:184][  0]LogMaterial: Uniform references updated for custom material expression Custom.
[2017.12.02-23.06.23:658][  0]SourceControl: Source control is disabled
[2017.12.02-23.06.23:658][  0]SourceControl: Source control is disabled
[2017.12.02-23.06.23:721][  0]SourceControl: Source control is disabled
[2017.12.02-23.06.23:783][  0]SourceControl: Source control is disabled
[2017.12.02-23.06.24:796][  0]LogAndroidPermission: UAndroidPermissionCallbackProxy::GetInstance
[2017.12.02-23.06.25:170][  0]LogOcInput: OculusInput pre-init called
[2017.12.02-23.06.25:519][  0]LogEngine: Initializing Engine...
[2017.12.02-23.06.25:522][  0]LogHMD: Failed to initialize OpenVR with code 110
[2017.12.02-23.06.25:766][  0]LogStats: UGameplayTagsManager::ConstructGameplayTagTree: Construct from data asset -  0.000 s
[2017.12.02-23.06.25:766][  0]LogStats: UGameplayTagsManager::ConstructGameplayTagTree: GameplayTagTreeChangedEvent.Broadcast -  0.000 s
[2017.12.02-23.06.25:912][  0]LogAIModule: Creating AISystem for world Untitled
[2017.12.02-23.06.25:919][  0]LogInit: XAudio2 using 'Speakers (Realtek High Definition Audio)' : 2 channels at 48 kHz using 32 bits per sample (channel mask 0x3)
[2017.12.02-23.06.26:309][  0]LogInit: FAudioDevice initialized.
[2017.12.02-23.06.26:449][  0]LogDerivedDataCache: Saved boot cache 0.14s 78MB C:/Users/gustm/AppData/Local/UnrealEngine/4.18/DerivedDataCache/Boot.ddc.
[2017.12.02-23.06.26:468][  0]LogInit: Texture streaming: Enabled
[2017.12.02-23.06.26:573][  0]LogEngineSessionManager: EngineSessionManager initialized
[2017.12.02-23.06.26:718][  0]LogInit: Transaction tracking system initialized
[2017.12.02-23.06.27:059][  0]BlueprintLog: New page: Editor Load
[2017.12.02-23.06.28:042][  0]LocalizationService: Localization service is disabled
[2017.12.02-23.06.28:901][  0]LogConsoleResponse: Display: 
[2017.12.02-23.06.29:109][  0]LogCook: Display: Max memory allowance for cook 16384mb min free memory 0mb
[2017.12.02-23.06.29:109][  0]LogCook: Display: Mobile HDR setting 1
[2017.12.02-23.06.29:109][  0]LogGameplayTags: Display: UGameplayTagsManager::DoneAddingNativeTags. DelegateIsBound: 0
[2017.12.02-23.06.30:426][  0]LogFileCache: Scanning file cache for directory 'C:/Users/gustm/Documents/Unreal Projects/GameJam_Dec_2017/GameJam_RecnPlay2017/Content/' took 0.01s
[2017.12.02-23.06.30:476][  0]SourceControl: Source control is disabled
[2017.12.02-23.06.30:476][  0]Cmd: MAP LOAD FILE="../../../../../../Users/gustm/Documents/Unreal Projects/GameJam_Dec_2017/GameJam_RecnPlay2017/Content/Maps/LearningLevel.umap" TEMPLATE=0 SHOWPROGRESS=1 FEATURELEVEL=3
[2017.12.02-23.06.30:476][  0]LightingResults: New page: Lighting Build
[2017.12.02-23.06.30:522][  0]MapCheck: New page: Map Check
[2017.12.02-23.06.30:522][  0]LightingResults: New page: Lighting Build
[2017.12.02-23.06.30:868][  0]LogAIModule: Creating AISystem for world LearningLevel
[2017.12.02-23.06.30:878][  0]LogEditorServer: Finished looking for orphan Actors (0.000 secs)
[2017.12.02-23.06.30:889][  0]Cmd: MAP CHECKDEP NOCLEARLOG
[2017.12.02-23.06.30:962][  0]MapCheck: Map check complete: 0 Error(s), 0 Warning(s), took 72.325ms to complete.
[2017.12.02-23.06.30:962][  0]LogFileHelpers: Loading map 'LearningLevel' took 0.486
[2017.12.02-23.06.31:098][  0]LogCollectionManager: Loaded 0 collections in 0.002007 seconds
[2017.12.02-23.06.31:186][  0]LogFileCache: Scanning file cache for directory 'C:/Users/gustm/Documents/Unreal Projects/GameJam_Dec_2017/GameJam_RecnPlay2017/Saved/Collections/' took 0.01s
[2017.12.02-23.06.31:186][  0]LogFileCache: Scanning file cache for directory 'C:/Users/gustm/Documents/Unreal Projects/GameJam_Dec_2017/GameJam_RecnPlay2017/Content/Developers/gustm/Collections/' took 0.01s
[2017.12.02-23.06.31:186][  0]LogFileCache: Scanning file cache for directory 'C:/Users/gustm/Documents/Unreal Projects/GameJam_Dec_2017/GameJam_RecnPlay2017/Content/Collections/' took 0.01s
[2017.12.02-23.06.31:186][  0]LogCollectionManager: Rebuilt the GUID cache for 0 collections in 0.000000 seconds
[2017.12.02-23.06.31:194][  0]LogContentBrowser: Native class hierarchy populated in 0.0080 seconds. Added 2366 classes and 523 folders.
[2017.12.02-23.06.31:268][  0]LogContentBrowser: Native class hierarchy updated for 'WidgetCarousel' in 0.0008 seconds. Added 0 classes and 0 folders.
[2017.12.02-23.06.31:324][  0]LogContentBrowser: Native class hierarchy updated for 'AddContentDialog' in 0.0008 seconds. Added 0 classes and 0 folders.
[2017.12.02-23.06.31:376][  0]LogSlate: Took 0.000290 seconds to synchronously load lazily loaded font '../../../Engine/Content/Slate/Fonts/Roboto-Regular.ttf' (155K)
[2017.12.02-23.06.31:379][  0]LogSlate: Took 0.000314 seconds to synchronously load lazily loaded font '../../../Engine/Content/Slate/Fonts/Roboto-Bold.ttf' (160K)
[2017.12.02-23.06.31:384][  0]LogSlate: Took 0.000246 seconds to synchronously load lazily loaded font '../../../Engine/Content/Editor/Slate/Fonts/FontAwesome.ttf' (139K)
[2017.12.02-23.06.31:385][  0]LogSlate: Took 0.000144 seconds to synchronously load lazily loaded font '../../../Engine/Content/Editor/Slate/Fonts/DroidSansMono.ttf' (77K)
[2017.12.02-23.06.31:513][  0]LogRenderer: Reallocating scene render targets to support 892x464 Format 9 NumSamples 1 (Frame:1).
[2017.12.02-23.06.31:798][  0]LogContentBrowser: Native class hierarchy updated for 'HierarchicalLODOutliner' in 0.0009 seconds. Added 1 classes and 2 folders.
[2017.12.02-23.06.31:799][  0]LogLoad: (Engine Initialization) Total time: 218.33 seconds
[2017.12.02-23.06.31:799][  0]LogLoad: (Engine Initialization) Total Blueprint compile time: 0.00 seconds
[2017.12.02-23.06.31:799][  0]LogExternalProfiler: Found external profiler: VSPerf
[2017.12.02-23.06.31:799][  0]LogExternalProfiler: Using external profiler: VSPerf
[2017.12.02-23.06.31:850][  0]LogAssetRegistry: Asset discovery search completed in 137.0981 seconds
[2017.12.02-23.06.31:852][  0]LogCollectionManager: Rebuilt the object cache for 0 collections in 0.000000 seconds (found 0 objects)
[2017.12.02-23.06.31:852][  0]LogCollectionManager: Fixed up redirectors for 0 collections in 0.000161 seconds (updated 0 objects)
[2017.12.02-23.06.31:853][  0]LogContentStreaming: Texture pool size now 800 MB
[2017.12.02-23.06.31:870][  1]LogFileCache: Retrieving MD5 hashes for directory 'C:/Users/gustm/Documents/Unreal Projects/GameJam_Dec_2017/GameJam_RecnPlay2017/Content/' took 0.05s
[2017.12.02-23.06.49:308][977]LogSlate: Took 0.000250 seconds to synchronously load lazily loaded font '../../../Engine/Content/Slate/Fonts/Roboto-Light.ttf' (159K)
[2017.12.02-23.06.56:507][331]LogSlate: Took 0.000147 seconds to synchronously load lazily loaded font '../../../Engine/Content/Slate/Fonts/Roboto-Light.ttf' (159K)
[2017.12.02-23.06.56:832][331]LogContentBrowser: Native class hierarchy updated for 'BlueprintGraph' in 0.0024 seconds. Added 116 classes and 0 folders.
[2017.12.02-23.06.57:391][331]LogSlate: Took 0.000153 seconds to synchronously load lazily loaded font '../../../Engine/Content/Slate/Fonts/Roboto-Regular.ttf' (155K)
[2017.12.02-23.06.57:671][331]LogSlate: Took 0.000263 seconds to synchronously load lazily loaded font '../../../Engine/Content/Editor/Slate/Fonts/Roboto-BoldCondensed.ttf' (158K)
[2017.12.02-23.06.57:761][332]LogSlate: Took 0.000243 seconds to synchronously load lazily loaded font '../../../Engine/Content/Editor/Slate/Fonts/Roboto-Italic.ttf' (157K)
[2017.12.02-23.07.09:032][879]LogTemp: Repeating last play command: Selected Viewport
[2017.12.02-23.07.09:077][879]LogBlueprintUserMessages: Early PlayInEditor Detection: Level '/Game/Maps/LearningLevel.LearningLevel:PersistentLevel' has LevelScriptBlueprint '/Game/Maps/LearningLevel.LearningLevel:PersistentLevel.LearningLevel' with GeneratedClass '/Game/Maps/LearningLevel.LearningLevel_C' with ClassGeneratedBy '/Game/Maps/LearningLevel.LearningLevel:PersistentLevel.LearningLevel'
[2017.12.02-23.07.09:078][879]LogPlayLevel: PlayLevel: No blueprints needed recompiling
[2017.12.02-23.07.09:078][879]PIE: New page: PIE session: LearningLevel (Dec 2, 2017, 5:07:09 PM)
[2017.12.02-23.07.09:079][879]LogPlayLevel: Creating play world package: /Game/Maps/UEDPIE_0_LearningLevel
[2017.12.02-23.07.09:109][879]LogPlayLevel: PIE: StaticDuplicateObject took: (0.030348s)
[2017.12.02-23.07.09:111][879]LogAIModule: Creating AISystem for world LearningLevel
[2017.12.02-23.07.09:111][879]LogPlayLevel: PIE: World Init took: (0.001573s)
[2017.12.02-23.07.09:111][879]LogPlayLevel: PIE: Created PIE world by copying editor world from /Game/Maps/LearningLevel.LearningLevel to /Game/Maps/UEDPIE_0_LearningLevel.LearningLevel (0.032744s)
[2017.12.02-23.07.09:139][879]LogInit: XAudio2 using 'Speakers (Realtek High Definition Audio)' : 2 channels at 48 kHz using 32 bits per sample (channel mask 0x3)
[2017.12.02-23.07.09:165][879]LogInit: FAudioDevice initialized.
[2017.12.02-23.07.09:207][879]LogLoad: Game class is 'RecnPlay_GameMode_BP_C'
[2017.12.02-23.07.09:209][879]LogWorld: Bringing World /Game/Maps/UEDPIE_0_LearningLevel.LearningLevel up for play (max tick rate 60) at 2017.12.02-20.07.09
[2017.12.02-23.07.09:210][879]LogWorld: Bringing up level for play took: 0.002044
[2017.12.02-23.07.09:257][879]LogContentBrowser: Native class hierarchy updated for 'MovieSceneCapture' in 0.0009 seconds. Added 11 classes and 0 folders.
[2017.12.02-23.07.09:258][879]PIE: Play in editor start time for /Game/Maps/UEDPIE_0_LearningLevel 0.091
[2017.12.02-23.07.09:259][879]LogBlueprintUserMessages: Late PlayInEditor Detection: Level '/Game/Maps/LearningLevel.LearningLevel:PersistentLevel' has LevelScriptBlueprint '/Game/Maps/LearningLevel.LearningLevel:PersistentLevel.LearningLevel' with GeneratedClass '/Game/Maps/LearningLevel.LearningLevel_C' with ClassGeneratedBy '/Game/Maps/LearningLevel.LearningLevel:PersistentLevel.LearningLevel'
[2017.12.02-23.07.11:034][974]LogBlueprintUserMessages: [Enemy_BP_C_0] 1
[2017.12.02-23.07.12:035][ 34]LogBlueprintUserMessages: [Enemy_BP_C_1] 2
[2017.12.02-23.07.13:036][ 94]LogBlueprintUserMessages: [Enemy_BP_C_2] 3
[2017.12.02-23.07.17:036][334]LogBlueprintUserMessages: [Enemy_BP_C_3] 3
[2017.12.02-23.07.20:003][512]LogBlueprintUserMessages: [Enemy_BP_C_4] 1
[2017.12.02-23.07.21:036][574]LogBlueprintUserMessages: [Enemy_BP_C_5] 2
[2017.12.02-23.07.22:038][634]LogBlueprintUserMessages: [Enemy_BP_C_6] 3
[2017.12.02-23.07.23:236][706]LogBlueprintUserMessages: [Enemy_BP_C_4] 3
[2017.12.02-23.07.23:236][706]LogBlueprintUserMessages: [Enemy_BP_C_5] 3
[2017.12.02-23.07.23:237][706]LogBlueprintUserMessages: [Enemy_BP_C_6] 3
[2017.12.02-23.07.28:036][994]LogBlueprintUserMessages: [Enemy_BP_C_7] 3
[2017.12.02-23.07.30:203][124]LogBlueprintUserMessages: [Enemy_BP_C_5] 3
[2017.12.02-23.07.30:203][124]LogBlueprintUserMessages: [Enemy_BP_C_6] 3
[2017.12.02-23.07.30:203][124]LogBlueprintUserMessages: [Enemy_BP_C_7] 3
[2017.12.02-23.07.35:037][414]LogBlueprintUserMessages: [Enemy_BP_C_8] 1
[2017.12.02-23.07.35:336][432]LogBlueprintUserMessages: [Enemy_BP_C_8] 1
[2017.12.02-23.07.36:037][474]LogBlueprintUserMessages: [Enemy_BP_C_9] 2
[2017.12.02-23.07.37:036][534]LogBlueprintUserMessages: [Enemy_BP_C_10] 3
[2017.12.02-23.07.40:920][767]LogBlueprintUserMessages: Early EndPlayMap Detection: Level '/Game/Maps/LearningLevel.LearningLevel:PersistentLevel' has LevelScriptBlueprint '/Game/Maps/LearningLevel.LearningLevel:PersistentLevel.LearningLevel' with GeneratedClass '/Game/Maps/LearningLevel.LearningLevel_C' with ClassGeneratedBy '/Game/Maps/LearningLevel.LearningLevel:PersistentLevel.LearningLevel'
[2017.12.02-23.07.40:960][767]LogBlueprintUserMessages: Late EndPlayMap Detection: Level '/Game/Maps/LearningLevel.LearningLevel:PersistentLevel' has LevelScriptBlueprint '/Game/Maps/LearningLevel.LearningLevel:PersistentLevel.LearningLevel' with GeneratedClass '/Game/Maps/LearningLevel.LearningLevel_C' with ClassGeneratedBy '/Game/Maps/LearningLevel.LearningLevel:PersistentLevel.LearningLevel'
[2017.12.02-23.08.01:808][ 14]LogTemp: Repeating last play command: Selected Viewport
[2017.12.02-23.08.01:825][ 14]LogBlueprintUserMessages: Early PlayInEditor Detection: Level '/Game/Maps/LearningLevel.LearningLevel:PersistentLevel' has LevelScriptBlueprint '/Game/Maps/LearningLevel.LearningLevel:PersistentLevel.LearningLevel' with GeneratedClass '/Game/Maps/LearningLevel.LearningLevel_C' with ClassGeneratedBy '/Game/Maps/LearningLevel.LearningLevel:PersistentLevel.LearningLevel'
[2017.12.02-23.08.01:826][ 14]LogPlayLevel: PlayLevel: No blueprints needed recompiling
[2017.12.02-23.08.01:826][ 14]PIE: New page: PIE session: LearningLevel (Dec 2, 2017, 5:08:01 PM)
[2017.12.02-23.08.01:826][ 14]LogPlayLevel: Creating play world package: /Game/Maps/UEDPIE_0_LearningLevel
[2017.12.02-23.08.01:846][ 14]LogPlayLevel: PIE: StaticDuplicateObject took: (0.019763s)
[2017.12.02-23.08.01:847][ 14]LogAIModule: Creating AISystem for world LearningLevel
[2017.12.02-23.08.01:847][ 14]LogPlayLevel: PIE: World Init took: (0.001077s)
[2017.12.02-23.08.01:847][ 14]LogPlayLevel: PIE: Created PIE world by copying editor world from /Game/Maps/LearningLevel.LearningLevel to /Game/Maps/UEDPIE_0_LearningLevel.LearningLevel (0.021561s)
[2017.12.02-23.08.01:871][ 14]LogInit: XAudio2 using 'Speakers (Realtek High Definition Audio)' : 2 channels at 48 kHz using 32 bits per sample (channel mask 0x3)
[2017.12.02-23.08.01:898][ 14]LogInit: FAudioDevice initialized.
[2017.12.02-23.08.01:932][ 14]LogLoad: Game class is 'RecnPlay_GameMode_BP_C'
[2017.12.02-23.08.01:933][ 14]LogWorld: Bringing World /Game/Maps/UEDPIE_0_LearningLevel.LearningLevel up for play (max tick rate 60) at 2017.12.02-20.08.01
[2017.12.02-23.08.01:934][ 14]LogWorld: Bringing up level for play took: 0.001642
[2017.12.02-23.08.01:935][ 14]PIE: Play in editor start time for /Game/Maps/UEDPIE_0_LearningLevel 0.768
[2017.12.02-23.08.01:935][ 14]LogBlueprintUserMessages: Late PlayInEditor Detection: Level '/Game/Maps/LearningLevel.LearningLevel:PersistentLevel' has LevelScriptBlueprint '/Game/Maps/LearningLevel.LearningLevel:PersistentLevel.LearningLevel' with GeneratedClass '/Game/Maps/LearningLevel.LearningLevel_C' with ClassGeneratedBy '/Game/Maps/LearningLevel.LearningLevel:PersistentLevel.LearningLevel'
[2017.12.02-23.08.03:810][125]LogBlueprintUserMessages: [Enemy_BP_C_0] 1
[2017.12.02-23.08.04:809][185]LogBlueprintUserMessages: [Enemy_BP_C_1] 2
[2017.12.02-23.08.05:811][245]LogBlueprintUserMessages: [Enemy_BP_C_2] 2
[2017.12.02-23.08.06:811][305]LogBlueprintUserMessages: [Enemy_BP_C_3] 3
[2017.12.02-23.08.10:814][545]LogBlueprintUserMessages: [Enemy_BP_C_4] 3
[2017.12.02-23.08.12:816][665]LogBlueprintUserMessages: [Enemy_BP_C_5] 3
[2017.12.02-23.08.14:349][757]LogBlueprintUserMessages: [Enemy_BP_C_1] 3
[2017.12.02-23.08.14:349][757]LogBlueprintUserMessages: [Enemy_BP_C_2] 3
[2017.12.02-23.08.14:349][757]LogBlueprintUserMessages: [Enemy_BP_C_5] 3
[2017.12.02-23.08.19:782][ 83]LogBlueprintUserMessages: [Enemy_BP_C_6] 1
[2017.12.02-23.08.20:816][145]LogBlueprintUserMessages: [Enemy_BP_C_7] 2
[2017.12.02-23.08.21:417][181]LogBlueprintUserMessages: Early EndPlayMap Detection: Level '/Game/Maps/LearningLevel.LearningLevel:PersistentLevel' has LevelScriptBlueprint '/Game/Maps/LearningLevel.LearningLevel:PersistentLevel.LearningLevel' with GeneratedClass '/Game/Maps/LearningLevel.LearningLevel_C' with ClassGeneratedBy '/Game/Maps/LearningLevel.LearningLevel:PersistentLevel.LearningLevel'
[2017.12.02-23.08.21:458][181]LogBlueprintUserMessages: Late EndPlayMap Detection: Level '/Game/Maps/LearningLevel.LearningLevel:PersistentLevel' has LevelScriptBlueprint '/Game/Maps/LearningLevel.LearningLevel:PersistentLevel.LearningLevel' with GeneratedClass '/Game/Maps/LearningLevel.LearningLevel_C' with ClassGeneratedBy '/Game/Maps/LearningLevel.LearningLevel:PersistentLevel.LearningLevel'
[2017.12.02-23.08.21:805][201]Cmd: SELECT NONE
[2017.12.02-23.08.55:775][235]LogTemp: Repeating last play command: Selected Viewport
[2017.12.02-23.08.55:797][235]LogBlueprintUserMessages: Early PlayInEditor Detection: Level '/Game/Maps/LearningLevel.LearningLevel:PersistentLevel' has LevelScriptBlueprint '/Game/Maps/LearningLevel.LearningLevel:PersistentLevel.LearningLevel' with GeneratedClass '/Game/Maps/LearningLevel.LearningLevel_C' with ClassGeneratedBy '/Game/Maps/LearningLevel.LearningLevel:PersistentLevel.LearningLevel'
[2017.12.02-23.08.55:797][235]LogPlayLevel: PlayLevel: No blueprints needed recompiling
[2017.12.02-23.08.55:798][235]PIE: New page: PIE session: LearningLevel (Dec 2, 2017, 5:08:55 PM)
[2017.12.02-23.08.55:798][235]LogPlayLevel: Creating play world package: /Game/Maps/UEDPIE_0_LearningLevel
[2017.12.02-23.08.55:819][235]LogPlayLevel: PIE: StaticDuplicateObject took: (0.020612s)
[2017.12.02-23.08.55:820][235]LogAIModule: Creating AISystem for world LearningLevel
[2017.12.02-23.08.55:820][235]LogPlayLevel: PIE: World Init took: (0.001233s)
[2017.12.02-23.08.55:820][235]LogPlayLevel: PIE: Created PIE world by copying editor world from /Game/Maps/LearningLevel.LearningLevel to /Game/Maps/UEDPIE_0_LearningLevel.LearningLevel (0.022631s)
[2017.12.02-23.08.55:844][235]LogInit: XAudio2 using 'Speakers (Realtek High Definition Audio)' : 2 channels at 48 kHz using 32 bits per sample (channel mask 0x3)
[2017.12.02-23.08.55:871][235]LogInit: FAudioDevice initialized.
[2017.12.02-23.08.55:904][235]LogLoad: Game class is 'RecnPlay_GameMode_BP_C'
[2017.12.02-23.08.55:905][235]LogWorld: Bringing World /Game/Maps/UEDPIE_0_LearningLevel.LearningLevel up for play (max tick rate 60) at 2017.12.02-20.08.55
[2017.12.02-23.08.55:906][235]LogWorld: Bringing up level for play took: 0.001739
[2017.12.02-23.08.55:907][235]PIE: Play in editor start time for /Game/Maps/UEDPIE_0_LearningLevel 0.74
[2017.12.02-23.08.55:908][235]LogBlueprintUserMessages: Late PlayInEditor Detection: Level '/Game/Maps/LearningLevel.LearningLevel:PersistentLevel' has LevelScriptBlueprint '/Game/Maps/LearningLevel.LearningLevel:PersistentLevel.LearningLevel' with GeneratedClass '/Game/Maps/LearningLevel.LearningLevel_C' with ClassGeneratedBy '/Game/Maps/LearningLevel.LearningLevel:PersistentLevel.LearningLevel'
[2017.12.02-23.08.57:781][346]LogBlueprintUserMessages: [Enemy_BP_C_0] 1
[2017.12.02-23.08.58:781][406]LogBlueprintUserMessages: [Enemy_BP_C_1] 2
[2017.12.02-23.08.59:780][466]LogBlueprintUserMessages: [Enemy_BP_C_2] 3
[2017.12.02-23.09.02:514][630]LogBlueprintUserMessages: [Enemy_BP_C_3] 2
[2017.12.02-23.09.03:781][706]LogBlueprintUserMessages: [Enemy_BP_C_4] 3
[2017.12.02-23.09.03:863][711]LogBlueprintUserMessages: [Enemy_BP_C_0] 3
[2017.12.02-23.09.03:864][711]LogBlueprintUserMessages: [Enemy_BP_C_3] 3
[2017.12.02-23.09.03:864][711]LogBlueprintUserMessages: [Enemy_BP_C_4] 3
[2017.12.02-23.09.07:790][946]LogBlueprintUserMessages: [Enemy_BP_C_5] 3
[2017.12.02-23.09.10:273][ 95]LogBlueprintUserMessages: Early EndPlayMap Detection: Level '/Game/Maps/LearningLevel.LearningLevel:PersistentLevel' has LevelScriptBlueprint '/Game/Maps/LearningLevel.LearningLevel:PersistentLevel.LearningLevel' with GeneratedClass '/Game/Maps/LearningLevel.LearningLevel_C' with ClassGeneratedBy '/Game/Maps/LearningLevel.LearningLevel:PersistentLevel.LearningLevel'
[2017.12.02-23.09.10:313][ 95]LogBlueprintUserMessages: Late EndPlayMap Detection: Level '/Game/Maps/LearningLevel.LearningLevel:PersistentLevel' has LevelScriptBlueprint '/Game/Maps/LearningLevel.LearningLevel:PersistentLevel.LearningLevel' with GeneratedClass '/Game/Maps/LearningLevel.LearningLevel_C' with ClassGeneratedBy '/Game/Maps/LearningLevel.LearningLevel:PersistentLevel.LearningLevel'
[2017.12.02-23.10.22:128][346]BlueprintLog: New page: Compile Enemy_BP
[2017.12.02-23.10.24:219][413]LogTemp: Repeating last play command: Selected Viewport
[2017.12.02-23.10.24:236][413]LogBlueprintUserMessages: Early PlayInEditor Detection: Level '/Game/Maps/LearningLevel.LearningLevel:PersistentLevel' has LevelScriptBlueprint '/Game/Maps/LearningLevel.LearningLevel:PersistentLevel.LearningLevel' with GeneratedClass '/Game/Maps/LearningLevel.LearningLevel_C' with ClassGeneratedBy '/Game/Maps/LearningLevel.LearningLevel:PersistentLevel.LearningLevel'
[2017.12.02-23.10.24:237][413]LogPlayLevel: PlayLevel: No blueprints needed recompiling
[2017.12.02-23.10.24:237][413]PIE: New page: PIE session: LearningLevel (Dec 2, 2017, 5:10:24 PM)
[2017.12.02-23.10.24:237][413]LogPlayLevel: Creating play world package: /Game/Maps/UEDPIE_0_LearningLevel
[2017.12.02-23.10.24:258][413]LogPlayLevel: PIE: StaticDuplicateObject took: (0.021280s)
[2017.12.02-23.10.24:259][413]LogAIModule: Creating AISystem for world LearningLevel
[2017.12.02-23.10.24:260][413]LogPlayLevel: PIE: World Init took: (0.001275s)
[2017.12.02-23.10.24:260][413]LogPlayLevel: PIE: Created PIE world by copying editor world from /Game/Maps/LearningLevel.LearningLevel to /Game/Maps/UEDPIE_0_LearningLevel.LearningLevel (0.023229s)
[2017.12.02-23.10.24:285][413]LogInit: XAudio2 using 'Speakers (Realtek High Definition Audio)' : 2 channels at 48 kHz using 32 bits per sample (channel mask 0x3)
[2017.12.02-23.10.24:312][413]LogInit: FAudioDevice initialized.
[2017.12.02-23.10.24:347][413]LogLoad: Game class is 'RecnPlay_GameMode_BP_C'
[2017.12.02-23.10.24:349][413]LogWorld: Bringing World /Game/Maps/UEDPIE_0_LearningLevel.LearningLevel up for play (max tick rate 60) at 2017.12.02-20.10.24
[2017.12.02-23.10.24:350][413]LogWorld: Bringing up level for play took: 0.001716
[2017.12.02-23.10.24:351][413]PIE: Play in editor start time for /Game/Maps/UEDPIE_0_LearningLevel -0.817
[2017.12.02-23.10.24:351][413]LogBlueprintUserMessages: Late PlayInEditor Detection: Level '/Game/Maps/LearningLevel.LearningLevel:PersistentLevel' has LevelScriptBlueprint '/Game/Maps/LearningLevel.LearningLevel:PersistentLevel.LearningLevel' with GeneratedClass '/Game/Maps/LearningLevel.LearningLevel_C' with ClassGeneratedBy '/Game/Maps/LearningLevel.LearningLevel:PersistentLevel.LearningLevel'
[2017.12.02-23.10.26:226][524]LogBlueprintUserMessages: [Enemy_BP_C_0] 1
[2017.12.02-23.10.27:227][584]LogBlueprintUserMessages: [Enemy_BP_C_1] 2
[2017.12.02-23.10.28:226][644]LogScript: Warning: Accessed None trying to read property CallFunc_GetPlayerPawn_ReturnValue2
	RecnPlay_GameMode_BP_C /Game/Maps/UEDPIE_0_LearningLevel.LearningLevel:PersistentLevel.RecnPlay_GameMode_BP_C_0
	Function /Game/Blueprints/RecnPlay_GameMode_BP.RecnPlay_GameMode_BP_C:ExecuteUbergraph_RecnPlay_GameMode_BP:0336
[2017.12.02-23.10.28:226][644]PIE: Error: Blueprint Runtime Error: Accessed None trying to read property CallFunc_GetPlayerPawn_ReturnValue2 from function: 'ExecuteUbergraph_RecnPlay_GameMode_BP' from node: Set Array Elem in graph: EventGraph in object: RecnPlay_GameMode_BP with description: Accessed None trying to read property CallFunc_GetPlayerPawn_ReturnValue2
[2017.12.02-23.10.28:227][644]LogScript: Warning: Accessed None trying to read property CallFunc_GetPlayerPawn_ReturnValue2
	RecnPlay_GameMode_BP_C /Game/Maps/UEDPIE_0_LearningLevel.LearningLevel:PersistentLevel.RecnPlay_GameMode_BP_C_0
	Function /Game/Blueprints/RecnPlay_GameMode_BP.RecnPlay_GameMode_BP_C:ExecuteUbergraph_RecnPlay_GameMode_BP:0336
[2017.12.02-23.10.28:227][644]PIE: Error: Blueprint Runtime Error: Accessed None trying to read property CallFunc_GetPlayerPawn_ReturnValue2 from function: 'ExecuteUbergraph_RecnPlay_GameMode_BP' from node: Set Array Elem in graph: EventGraph in object: RecnPlay_GameMode_BP with description: Accessed None trying to read property CallFunc_GetPlayerPawn_ReturnValue2
[2017.12.02-23.10.28:228][644]LogBlueprintUserMessages: [Enemy_BP_C_2] 2
[2017.12.02-23.10.28:826][680]LogScript: Warning: Accessed None trying to read property CallFunc_GetPlayerPawn_ReturnValue
	Enemy_BP_C /Game/Maps/UEDPIE_0_LearningLevel.LearningLevel:PersistentLevel.Enemy_BP_C_1
	Function /Game/Blueprints/Enemy_BP.Enemy_BP_C:ExecuteUbergraph_Enemy_BP:05FD
[2017.12.02-23.10.28:827][680]PIE: Error: Blueprint Runtime Error: Accessed None trying to read property CallFunc_GetPlayerPawn_ReturnValue from function: 'ExecuteUbergraph_Enemy_BP' from node: DestroyActor in graph: EventGraph in object: Enemy_BP with description: Accessed None trying to read property CallFunc_GetPlayerPawn_ReturnValue
[2017.12.02-23.10.28:860][682]LogBlueprintUserMessages: Early EndPlayMap Detection: Level '/Game/Maps/LearningLevel.LearningLevel:PersistentLevel' has LevelScriptBlueprint '/Game/Maps/LearningLevel.LearningLevel:PersistentLevel.LearningLevel' with GeneratedClass '/Game/Maps/LearningLevel.LearningLevel_C' with ClassGeneratedBy '/Game/Maps/LearningLevel.LearningLevel:PersistentLevel.LearningLevel'
[2017.12.02-23.10.28:894][682]LogBlueprintUserMessages: Late EndPlayMap Detection: Level '/Game/Maps/LearningLevel.LearningLevel:PersistentLevel' has LevelScriptBlueprint '/Game/Maps/LearningLevel.LearningLevel:PersistentLevel.LearningLevel' with GeneratedClass '/Game/Maps/LearningLevel.LearningLevel_C' with ClassGeneratedBy '/Game/Maps/LearningLevel.LearningLevel:PersistentLevel.LearningLevel'
[2017.12.02-23.10.29:781][733]LogTemp: Repeating last play command: Selected Viewport
[2017.12.02-23.10.29:795][733]LogBlueprintUserMessages: Early PlayInEditor Detection: Level '/Game/Maps/LearningLevel.LearningLevel:PersistentLevel' has LevelScriptBlueprint '/Game/Maps/LearningLevel.LearningLevel:PersistentLevel.LearningLevel' with GeneratedClass '/Game/Maps/LearningLevel.LearningLevel_C' with ClassGeneratedBy '/Game/Maps/LearningLevel.LearningLevel:PersistentLevel.LearningLevel'
[2017.12.02-23.10.29:795][733]LogPlayLevel: PlayLevel: No blueprints needed recompiling
[2017.12.02-23.10.29:795][733]PIE: New page: PIE session: LearningLevel (Dec 2, 2017, 5:10:29 PM)
[2017.12.02-23.10.29:796][733]LogPlayLevel: Creating play world package: /Game/Maps/UEDPIE_0_LearningLevel
[2017.12.02-23.10.29:813][733]LogPlayLevel: PIE: StaticDuplicateObject took: (0.017088s)
[2017.12.02-23.10.29:814][733]LogAIModule: Creating AISystem for world LearningLevel
[2017.12.02-23.10.29:814][733]LogPlayLevel: PIE: World Init took: (0.001028s)
[2017.12.02-23.10.29:814][733]LogPlayLevel: PIE: Created PIE world by copying editor world from /Game/Maps/LearningLevel.LearningLevel to /Game/Maps/UEDPIE_0_LearningLevel.LearningLevel (0.018750s)
[2017.12.02-23.10.29:841][733]LogInit: XAudio2 using 'Speakers (Realtek High Definition Audio)' : 2 channels at 48 kHz using 32 bits per sample (channel mask 0x3)
[2017.12.02-23.10.29:867][733]LogInit: FAudioDevice initialized.
[2017.12.02-23.10.29:899][733]LogLoad: Game class is 'RecnPlay_GameMode_BP_C'
[2017.12.02-23.10.29:901][733]LogWorld: Bringing World /Game/Maps/UEDPIE_0_LearningLevel.LearningLevel up for play (max tick rate 60) at 2017.12.02-20.10.29
[2017.12.02-23.10.29:901][733]LogWorld: Bringing up level for play took: 0.001690
[2017.12.02-23.10.29:903][733]PIE: Play in editor start time for /Game/Maps/UEDPIE_0_LearningLevel 0.736
[2017.12.02-23.10.29:903][733]LogBlueprintUserMessages: Late PlayInEditor Detection: Level '/Game/Maps/LearningLevel.LearningLevel:PersistentLevel' has LevelScriptBlueprint '/Game/Maps/LearningLevel.LearningLevel:PersistentLevel.LearningLevel' with GeneratedClass '/Game/Maps/LearningLevel.LearningLevel_C' with ClassGeneratedBy '/Game/Maps/LearningLevel.LearningLevel:PersistentLevel.LearningLevel'
[2017.12.02-23.10.31:796][845]LogBlueprintUserMessages: [Enemy_BP_C_0] 1
[2017.12.02-23.10.32:796][905]LogBlueprintUserMessages: [Enemy_BP_C_1] 2
[2017.12.02-23.10.33:795][965]LogBlueprintUserMessages: [Enemy_BP_C_0] 2
[2017.12.02-23.10.33:796][965]LogBlueprintUserMessages: [Enemy_BP_C_1] 2
[2017.12.02-23.10.33:796][965]LogBlueprintUserMessages: [Enemy_BP_C_2] 3
[2017.12.02-23.10.35:896][ 91]LogBlueprintUserMessages: [Enemy_BP_C_0] 3
[2017.12.02-23.10.35:896][ 91]LogBlueprintUserMessages: [Enemy_BP_C_0] 3
[2017.12.02-23.10.35:896][ 91]LogBlueprintUserMessages: [Enemy_BP_C_0] 3
[2017.12.02-23.10.37:796][205]LogBlueprintUserMessages: [Enemy_BP_C_3] 3
[2017.12.02-23.10.42:796][505]LogBlueprintUserMessages: Early EndPlayMap Detection: Level '/Game/Maps/LearningLevel.LearningLevel:PersistentLevel' has LevelScriptBlueprint '/Game/Maps/LearningLevel.LearningLevel:PersistentLevel.LearningLevel' with GeneratedClass '/Game/Maps/LearningLevel.LearningLevel_C' with ClassGeneratedBy '/Game/Maps/LearningLevel.LearningLevel:PersistentLevel.LearningLevel'
[2017.12.02-23.10.42:835][505]LogBlueprintUserMessages: Late EndPlayMap Detection: Level '/Game/Maps/LearningLevel.LearningLevel:PersistentLevel' has LevelScriptBlueprint '/Game/Maps/LearningLevel.LearningLevel:PersistentLevel.LearningLevel' with GeneratedClass '/Game/Maps/LearningLevel.LearningLevel_C' with ClassGeneratedBy '/Game/Maps/LearningLevel.LearningLevel:PersistentLevel.LearningLevel'
[2017.12.02-23.10.50:251][905]LogSavePackage: Save=505.12ms
[2017.12.02-23.10.50:251][905]LogSavePackage: Moving '../../../../../../Users/gustm/Documents/Unreal Projects/GameJam_Dec_2017/GameJam_RecnPlay2017/Saved/LearningLevel5FA82E3C4D9E79650B8C27B81814853E.tmp' to '../../../../../../Users/gustm/Documents/Unreal Projects/GameJam_Dec_2017/GameJam_RecnPlay2017/Content/Maps/LearningLevel.umap'
[2017.12.02-23.10.50:259][905]LogSavePackage: Display: Finished SavePackage ../../../../../../Users/gustm/Documents/Unreal Projects/GameJam_Dec_2017/GameJam_RecnPlay2017/Content/Maps/LearningLevel.umap
[2017.12.02-23.10.50:270][905]LogFileHelpers: Saving map 'LearningLevel' took 0.637
[2017.12.02-23.10.50:333][905]LogSavePackage: Save=44.12ms
[2017.12.02-23.10.50:333][905]LogSavePackage: Moving '../../../../../../Users/gustm/Documents/Unreal Projects/GameJam_Dec_2017/GameJam_RecnPlay2017/Saved/Friend_BP51A9FF384079AA2D95CE0EB117F9ADBC.tmp' to '../../../../../../Users/gustm/Documents/Unreal Projects/GameJam_Dec_2017/GameJam_RecnPlay2017/Content/Blueprints/Friend_BP.uasset'
[2017.12.02-23.10.50:340][905]LogSavePackage: Display: Finished SavePackage ../../../../../../Users/gustm/Documents/Unreal Projects/GameJam_Dec_2017/GameJam_RecnPlay2017/Content/Blueprints/Friend_BP.uasset
[2017.12.02-23.10.50:346][905]Cmd: OBJ SAVEPACKAGE PACKAGE="/Game/Blueprints/Enemy_BP" FILE="../../../../../../Users/gustm/Documents/Unreal Projects/GameJam_Dec_2017/GameJam_RecnPlay2017/Content/Blueprints/Enemy_BP.uasset" SILENT=true
[2017.12.02-23.10.50:419][905]LogSavePackage: Save=65.84ms
[2017.12.02-23.10.50:419][905]LogSavePackage: Moving '../../../../../../Users/gustm/Documents/Unreal Projects/GameJam_Dec_2017/GameJam_RecnPlay2017/Saved/Enemy_BP3E2A93D04728DD962C95FB85E832ECCD.tmp' to '../../../../../../Users/gustm/Documents/Unreal Projects/GameJam_Dec_2017/GameJam_RecnPlay2017/Content/Blueprints/Enemy_BP.uasset'
[2017.12.02-23.10.50:426][905]LogSavePackage: Display: Finished SavePackage ../../../../../../Users/gustm/Documents/Unreal Projects/GameJam_Dec_2017/GameJam_RecnPlay2017/Content/Blueprints/Enemy_BP.uasset
[2017.12.02-23.11.01:022][537]BlueprintLog: New page: Compile Enemy_BP
[2017.12.02-23.11.02:654][543]LogSavePackage: Save=451.73ms
[2017.12.02-23.11.02:654][543]LogSavePackage: Moving '../../../../../../Users/gustm/Documents/Unreal Projects/GameJam_Dec_2017/GameJam_RecnPlay2017/Saved/LearningLevel93A264574712EAA04FF1C1802816187E.tmp' to '../../../../../../Users/gustm/Documents/Unreal Projects/GameJam_Dec_2017/GameJam_RecnPlay2017/Content/Maps/LearningLevel.umap'
[2017.12.02-23.11.02:661][543]LogSavePackage: Display: Finished SavePackage ../../../../../../Users/gustm/Documents/Unreal Projects/GameJam_Dec_2017/GameJam_RecnPlay2017/Content/Maps/LearningLevel.umap
[2017.12.02-23.11.02:671][543]LogFileHelpers: Saving map 'LearningLevel' took 0.569
[2017.12.02-23.11.02:675][543]Cmd: OBJ SAVEPACKAGE PACKAGE="/Game/Blueprints/Enemy_BP" FILE="../../../../../../Users/gustm/Documents/Unreal Projects/GameJam_Dec_2017/GameJam_RecnPlay2017/Content/Blueprints/Enemy_BP.uasset" SILENT=true
[2017.12.02-23.11.02:745][543]LogSavePackage: Save=65.64ms
[2017.12.02-23.11.02:745][543]LogSavePackage: Moving '../../../../../../Users/gustm/Documents/Unreal Projects/GameJam_Dec_2017/GameJam_RecnPlay2017/Saved/Enemy_BPB8DEAC934F7955E806C770A160341940.tmp' to '../../../../../../Users/gustm/Documents/Unreal Projects/GameJam_Dec_2017/GameJam_RecnPlay2017/Content/Blueprints/Enemy_BP.uasset'
[2017.12.02-23.11.02:753][543]LogSavePackage: Display: Finished SavePackage ../../../../../../Users/gustm/Documents/Unreal Projects/GameJam_Dec_2017/GameJam_RecnPlay2017/Content/Blueprints/Enemy_BP.uasset
[2017.12.02-23.11.04:383][636]LogTemp: Repeating last play command: Selected Viewport
[2017.12.02-23.11.04:400][636]LogBlueprintUserMessages: Early PlayInEditor Detection: Level '/Game/Maps/LearningLevel.LearningLevel:PersistentLevel' has LevelScriptBlueprint '/Game/Maps/LearningLevel.LearningLevel:PersistentLevel.LearningLevel' with GeneratedClass '/Game/Maps/LearningLevel.LearningLevel_C' with ClassGeneratedBy '/Game/Maps/LearningLevel.LearningLevel:PersistentLevel.LearningLevel'
[2017.12.02-23.11.04:401][636]LogPlayLevel: PlayLevel: No blueprints needed recompiling
[2017.12.02-23.11.04:401][636]PIE: New page: PIE session: LearningLevel (Dec 2, 2017, 5:11:04 PM)
[2017.12.02-23.11.04:401][636]LogPlayLevel: Creating play world package: /Game/Maps/UEDPIE_0_LearningLevel
[2017.12.02-23.11.04:417][636]LogPlayLevel: PIE: StaticDuplicateObject took: (0.015927s)
[2017.12.02-23.11.04:418][636]LogAIModule: Creating AISystem for world LearningLevel
[2017.12.02-23.11.04:418][636]LogPlayLevel: PIE: World Init took: (0.001107s)
[2017.12.02-23.11.04:419][636]LogPlayLevel: PIE: Created PIE world by copying editor world from /Game/Maps/LearningLevel.LearningLevel to /Game/Maps/UEDPIE_0_LearningLevel.LearningLevel (0.017689s)
[2017.12.02-23.11.04:440][636]LogInit: XAudio2 using 'Speakers (Realtek High Definition Audio)' : 2 channels at 48 kHz using 32 bits per sample (channel mask 0x3)
[2017.12.02-23.11.04:466][636]LogInit: FAudioDevice initialized.
[2017.12.02-23.11.04:497][636]LogLoad: Game class is 'RecnPlay_GameMode_BP_C'
[2017.12.02-23.11.04:498][636]LogWorld: Bringing World /Game/Maps/UEDPIE_0_LearningLevel.LearningLevel up for play (max tick rate 60) at 2017.12.02-20.11.04
[2017.12.02-23.11.04:499][636]LogWorld: Bringing up level for play took: 0.001748
[2017.12.02-23.11.04:500][636]PIE: Play in editor start time for /Game/Maps/UEDPIE_0_LearningLevel -0.667
[2017.12.02-23.11.04:501][636]LogBlueprintUserMessages: Late PlayInEditor Detection: Level '/Game/Maps/LearningLevel.LearningLevel:PersistentLevel' has LevelScriptBlueprint '/Game/Maps/LearningLevel.LearningLevel:PersistentLevel.LearningLevel' with GeneratedClass '/Game/Maps/LearningLevel.LearningLevel_C' with ClassGeneratedBy '/Game/Maps/LearningLevel.LearningLevel:PersistentLevel.LearningLevel'
[2017.12.02-23.11.06:392][748]LogBlueprintUserMessages: [Enemy_BP_C_0] 1
[2017.12.02-23.11.07:394][808]LogBlueprintUserMessages: [Enemy_BP_C_1] 2
[2017.12.02-23.11.08:395][868]LogBlueprintUserMessages: [Enemy_BP_C_2] 3
[2017.12.02-23.11.09:361][926]LogBlueprintUserMessages: [Enemy_BP_C_0] 3
[2017.12.02-23.11.09:361][926]LogBlueprintUserMessages: [Enemy_BP_C_1] 3
[2017.12.02-23.11.09:361][926]LogBlueprintUserMessages: [Enemy_BP_C_2] 3
[2017.12.02-23.11.10:395][988]LogBlueprintUserMessages: [Enemy_BP_C_3] 3
[2017.12.02-23.11.11:313][ 43]LogBlueprintUserMessages: Early EndPlayMap Detection: Level '/Game/Maps/LearningLevel.LearningLevel:PersistentLevel' has LevelScriptBlueprint '/Game/Maps/LearningLevel.LearningLevel:PersistentLevel.LearningLevel' with GeneratedClass '/Game/Maps/LearningLevel.LearningLevel_C' with ClassGeneratedBy '/Game/Maps/LearningLevel.LearningLevel:PersistentLevel.LearningLevel'
[2017.12.02-23.11.11:351][ 43]LogBlueprintUserMessages: Late EndPlayMap Detection: Level '/Game/Maps/LearningLevel.LearningLevel:PersistentLevel' has LevelScriptBlueprint '/Game/Maps/LearningLevel.LearningLevel:PersistentLevel.LearningLevel' with GeneratedClass '/Game/Maps/LearningLevel.LearningLevel_C' with ClassGeneratedBy '/Game/Maps/LearningLevel.LearningLevel:PersistentLevel.LearningLevel'
[2017.12.02-23.11.12:251][ 95]LogTemp: Repeating last play command: Selected Viewport
[2017.12.02-23.11.12:267][ 95]LogBlueprintUserMessages: Early PlayInEditor Detection: Level '/Game/Maps/LearningLevel.LearningLevel:PersistentLevel' has LevelScriptBlueprint '/Game/Maps/LearningLevel.LearningLevel:PersistentLevel.LearningLevel' with GeneratedClass '/Game/Maps/LearningLevel.LearningLevel_C' with ClassGeneratedBy '/Game/Maps/LearningLevel.LearningLevel:PersistentLevel.LearningLevel'
[2017.12.02-23.11.12:268][ 95]LogPlayLevel: PlayLevel: No blueprints needed recompiling
[2017.12.02-23.11.12:268][ 95]PIE: New page: PIE session: LearningLevel (Dec 2, 2017, 5:11:12 PM)
[2017.12.02-23.11.12:269][ 95]LogPlayLevel: Creating play world package: /Game/Maps/UEDPIE_0_LearningLevel
[2017.12.02-23.11.12:286][ 95]LogPlayLevel: PIE: StaticDuplicateObject took: (0.017589s)
[2017.12.02-23.11.12:287][ 95]LogAIModule: Creating AISystem for world LearningLevel
[2017.12.02-23.11.12:287][ 95]LogPlayLevel: PIE: World Init took: (0.000946s)
[2017.12.02-23.11.12:288][ 95]LogPlayLevel: PIE: Created PIE world by copying editor world from /Game/Maps/LearningLevel.LearningLevel to /Game/Maps/UEDPIE_0_LearningLevel.LearningLevel (0.019304s)
[2017.12.02-23.11.12:316][ 95]LogInit: XAudio2 using 'Speakers (Realtek High Definition Audio)' : 2 channels at 48 kHz using 32 bits per sample (channel mask 0x3)
[2017.12.02-23.11.12:342][ 95]LogInit: FAudioDevice initialized.
[2017.12.02-23.11.12:374][ 95]LogLoad: Game class is 'RecnPlay_GameMode_BP_C'
[2017.12.02-23.11.12:375][ 95]LogWorld: Bringing World /Game/Maps/UEDPIE_0_LearningLevel.LearningLevel up for play (max tick rate 60) at 2017.12.02-20.11.12
[2017.12.02-23.11.12:376][ 95]LogWorld: Bringing up level for play took: 0.001659
[2017.12.02-23.11.12:377][ 95]PIE: Play in editor start time for /Game/Maps/UEDPIE_0_LearningLevel -0.79
[2017.12.02-23.11.12:377][ 95]LogBlueprintUserMessages: Late PlayInEditor Detection: Level '/Game/Maps/LearningLevel.LearningLevel:PersistentLevel' has LevelScriptBlueprint '/Game/Maps/LearningLevel.LearningLevel:PersistentLevel.LearningLevel' with GeneratedClass '/Game/Maps/LearningLevel.LearningLevel_C' with ClassGeneratedBy '/Game/Maps/LearningLevel.LearningLevel:PersistentLevel.LearningLevel'
[2017.12.02-23.11.14:253][206]LogBlueprintUserMessages: [Enemy_BP_C_0] 1
[2017.12.02-23.11.15:253][266]LogBlueprintUserMessages: [Enemy_BP_C_1] 2
[2017.12.02-23.11.16:253][326]LogBlueprintUserMessages: [Enemy_BP_C_2] 3
[2017.12.02-23.11.16:402][335]LogBlueprintUserMessages: [Enemy_BP_C_0] 3
[2017.12.02-23.11.16:403][335]LogBlueprintUserMessages: [Enemy_BP_C_1] 3
[2017.12.02-23.11.16:403][335]LogBlueprintUserMessages: [Enemy_BP_C_2] 3
[2017.12.02-23.11.23:169][741]LogBlueprintUserMessages: [Enemy_BP_C_0] 3
[2017.12.02-23.11.23:170][741]LogBlueprintUserMessages: [Enemy_BP_C_1] 3
[2017.12.02-23.11.23:170][741]LogBlueprintUserMessages: [Enemy_BP_C_2] 3
[2017.12.02-23.11.24:253][806]LogBlueprintUserMessages: [Enemy_BP_C_3] 3
[2017.12.02-23.11.28:986][ 90]LogBlueprintUserMessages: [Enemy_BP_C_0] 3
[2017.12.02-23.11.28:986][ 90]LogBlueprintUserMessages: [Enemy_BP_C_1] 3
[2017.12.02-23.11.28:987][ 90]LogBlueprintUserMessages: [Enemy_BP_C_3] 3
[2017.12.02-23.11.29:236][105]LogBlueprintUserMessages: [Enemy_BP_C_0] 3
[2017.12.02-23.11.29:237][105]LogBlueprintUserMessages: [Enemy_BP_C_1] 3
[2017.12.02-23.11.29:237][105]LogBlueprintUserMessages: [Enemy_BP_C_3] 3
[2017.12.02-23.11.30:253][166]LogBlueprintUserMessages: [Enemy_BP_C_4] 3
[2017.12.02-23.11.34:438][417]LogBlueprintUserMessages: [Enemy_BP_C_0] 3
[2017.12.02-23.11.34:438][417]LogBlueprintUserMessages: [Enemy_BP_C_1] 3
[2017.12.02-23.11.34:438][417]LogBlueprintUserMessages: [Enemy_BP_C_4] 3
[2017.12.02-23.11.35:723][494]LogBlueprintUserMessages: [Enemy_BP_C_0] 3
[2017.12.02-23.11.35:723][494]LogBlueprintUserMessages: [Enemy_BP_C_1] 3
[2017.12.02-23.11.35:724][494]LogBlueprintUserMessages: [Enemy_BP_C_4] 3
[2017.12.02-23.11.37:257][586]LogBlueprintUserMessages: [Enemy_BP_C_5] 3
[2017.12.02-23.11.39:473][719]LogBlueprintUserMessages: Early EndPlayMap Detection: Level '/Game/Maps/LearningLevel.LearningLevel:PersistentLevel' has LevelScriptBlueprint '/Game/Maps/LearningLevel.LearningLevel:PersistentLevel.LearningLevel' with GeneratedClass '/Game/Maps/LearningLevel.LearningLevel_C' with ClassGeneratedBy '/Game/Maps/LearningLevel.LearningLevel:PersistentLevel.LearningLevel'
[2017.12.02-23.11.39:510][719]LogBlueprintUserMessages: Late EndPlayMap Detection: Level '/Game/Maps/LearningLevel.LearningLevel:PersistentLevel' has LevelScriptBlueprint '/Game/Maps/LearningLevel.LearningLevel:PersistentLevel.LearningLevel' with GeneratedClass '/Game/Maps/LearningLevel.LearningLevel_C' with ClassGeneratedBy '/Game/Maps/LearningLevel.LearningLevel:PersistentLevel.LearningLevel'
